Initial beam:
*********************************************
Model: 0 value: -0.6766666666666666 error: 0.6666666666666666 parent: 0
[50,50,50] : 150

Step:0
*********************************************
Model: 0 value: -0.3633333333333334 error: 0.3333333333333333 parent: 0
petalwidth <= 1.3 (48%)
+--yes: [0,22,50] : 72
+--no:  [50,28,0] : 78

Model: 1 value: -0.3633333333333334 error: 0.3333333333333333 parent: 0
petallength <= 4.4 (47.3%)
+--yes: [0,21,50] : 71
+--no:  [50,29,0] : 79

Model: 2 value: -0.39 error: 0.36 parent: 0
sepallength <= 5.7 (51.3%)
+--yes: [1,29,47] : 77
+--no:  [49,21,3] : 73

Model: 3 value: -0.47 error: 0.44 parent: 0
sepalwidth <= 3 (44.7%)
+--yes: [42,8,17] : 67
+--no:  [8,42,33] : 83

Model: 4 value: -0.6766666666666666 error: 0.6666666666666666 parent: -1
[50,50,50] : 150

Step:1
*********************************************
Model: 0 value: -0.1966666666666667 error: 0.14666666666666667 parent: 3
petallength <= 4.4 (47.3%)
+--yes: [0,21,50] : 71
+--no:  petalwidth <= 0.5 (38%)
        +--yes: [1,29,0] : 30
        +--no:  [49,0,0] : 49

Model: 1 value: -0.20333333333333337 error: 0.15333333333333332 parent: 4
petalwidth <= 1.3 (48%)
+--yes: [0,22,50] : 72
+--no:  petalwidth <= 0.5 (37.2%)
        +--yes: [1,28,0] : 29
        +--no:  [49,0,0] : 49

Model: 2 value: -0.20333333333333337 error: 0.15333333333333332 parent: 3
petallength <= 4.4 (47.3%)
+--yes: [0,21,50] : 71
+--no:  petallength <= 1.7 (39.2%)
        +--yes: [2,29,0] : 31
        +--no:  [48,0,0] : 48

Model: 3 value: -0.21000000000000002 error: 0.16 parent: 4
petalwidth <= 1.3 (48%)
+--yes: [0,22,50] : 72
+--no:  petallength <= 1.7 (38.5%)
        +--yes: [2,28,0] : 30
        +--no:  [48,0,0] : 48

Model: 4 value: -0.22333333333333336 error: 0.17333333333333334 parent: 4
petalwidth <= 1.3 (48%)
+--yes: [0,22,50] : 72
+--no:  sepalwidth <= 2.9 (64.1%)
        +--yes: [48,2,0] : 50
        +--no:  [2,26,0] : 28

Model: 5 value: -0.2366666666666667 error: 0.18666666666666668 parent: 3
petallength <= 4.4 (47.3%)
+--yes: [0,21,50] : 71
+--no:  sepalwidth <= 2.9 (67.1%)
        +--yes: [48,5,0] : 53
        +--no:  [2,24,0] : 26

Model: 6 value: -0.25 error: 0.2 parent: 2
sepallength <= 5.7 (51.3%)
+--yes: petalwidth <= 1.7 (57.1%)
|       +--yes: [0,1,43] : 44
|       +--no:  [1,28,4] : 33
+--no:  [49,21,3] : 73

Model: 7 value: -0.25666666666666665 error: 0.20666666666666667 parent: 4
petalwidth <= 1.3 (48%)
+--yes: [0,22,50] : 72
+--no:  sepallength <= 5.4 (37.2%)
        +--yes: [5,24,0] : 29
        +--no:  [45,4,0] : 49

Model: 8 value: -0.25666666666666665 error: 0.20666666666666667 parent: 2
sepallength <= 5.7 (51.3%)
+--yes: petallength <= 4.9 (58.4%)
|       +--yes: [0,2,43] : 45
|       +--no:  [1,27,4] : 32
+--no:  [49,21,3] : 73

Model: 9 value: -0.2566666666666667 error: 0.20666666666666667 parent: 3
petallength <= 4.4 (47.3%)
+--yes: [0,21,50] : 71
+--no:  sepallength <= 5.4 (36.7%)
        +--yes: [5,24,0] : 29
        +--no:  [45,5,0] : 50

Step:2
*********************************************
Model: 0 value: -0.11666666666666665 error: 0.04666666666666667 parent: 26
petalwidth <= 1.3 (48%)
+--yes: petalwidth <= 1.7 (63.9%)
|       +--yes: [0,1,45] : 46
|       +--no:  [0,21,5] : 26
+--no:  petalwidth <= 0.5 (37.2%)
        +--yes: [1,28,0] : 29
        +--no:  [49,0,0] : 49

Model: 1 value: -0.11666666666666665 error: 0.04666666666666667 parent: 23
petallength <= 4.4 (47.3%)
+--yes: petalwidth <= 1.7 (64.8%)
|       +--yes: [0,1,45] : 46
|       +--no:  [0,20,5] : 25
+--no:  petalwidth <= 0.5 (38%)
        +--yes: [1,29,0] : 30
        +--no:  [49,0,0] : 49

Model: 2 value: -0.12333333333333332 error: 0.05333333333333334 parent: 26
petalwidth <= 1.3 (48%)
+--yes: petalwidth <= 1.7 (63.9%)
|       +--yes: [0,1,45] : 46
|       +--no:  [0,21,5] : 26
+--no:  petallength <= 1.7 (38.5%)
        +--yes: [2,28,0] : 30
        +--no:  [48,0,0] : 48

Model: 3 value: -0.12333333333333332 error: 0.05333333333333334 parent: 24
petalwidth <= 1.3 (48%)
+--yes: petallength <= 4.8 (70.8%)
|       +--yes: [0,4,47] : 51
|       +--no:  [0,18,3] : 21
+--no:  petalwidth <= 0.5 (37.2%)
        +--yes: [1,28,0] : 29
        +--no:  [49,0,0] : 49

Model: 4 value: -0.12333333333333332 error: 0.05333333333333334 parent: 23
petallength <= 4.4 (47.3%)
+--yes: petalwidth <= 1.7 (64.8%)
|       +--yes: [0,1,45] : 46
|       +--no:  [0,20,5] : 25
+--no:  petallength <= 1.7 (39.2%)
        +--yes: [2,29,0] : 31
        +--no:  [48,0,0] : 48

Model: 5 value: -0.12333333333333332 error: 0.05333333333333334 parent: 21
petallength <= 4.4 (47.3%)
+--yes: petallength <= 4.8 (71.8%)
|       +--yes: [0,4,47] : 51
|       +--no:  [0,17,3] : 20
+--no:  petalwidth <= 0.5 (38%)
        +--yes: [1,29,0] : 30
        +--no:  [49,0,0] : 49

Model: 6 value: -0.13 error: 0.06 parent: 24
petalwidth <= 1.3 (48%)
+--yes: petallength <= 4.8 (70.8%)
|       +--yes: [0,4,47] : 51
|       +--no:  [0,18,3] : 21
+--no:  petallength <= 1.7 (38.5%)
        +--yes: [2,28,0] : 30
        +--no:  [48,0,0] : 48

Model: 7 value: -0.13 error: 0.06 parent: 21
petallength <= 4.4 (47.3%)
+--yes: petallength <= 4.8 (71.8%)
|       +--yes: [0,4,47] : 51
|       +--no:  [0,17,3] : 20
+--no:  petallength <= 1.7 (39.2%)
        +--yes: [2,29,0] : 31
        +--no:  [48,0,0] : 48

Model: 8 value: -0.13666666666666666 error: 0.06666666666666667 parent: 26
petalwidth <= 1.3 (48%)
+--yes: petalwidth <= 1.7 (63.9%)
|       +--yes: [0,1,45] : 46
|       +--no:  [0,21,5] : 26
+--no:  sepalwidth <= 2.9 (64.1%)
        +--yes: [48,2,0] : 50
        +--no:  [2,26,0] : 28

Model: 9 value: -0.13666666666666666 error: 0.06666666666666667 parent: 25
sepallength <= 5.7 (51.3%)
+--yes: petalwidth <= 1.7 (57.1%)
|       +--yes: [0,1,43] : 44
|       +--no:  [1,28,4] : 33
+--no:  petalwidth <= 0.5 (34.2%)
        +--yes: [1,21,3] : 25
        +--no:  [48,0,0] : 48

