Clus run chimp
**************

Date: 1/15/10 11:29 AM
File: chimp.out
Attributes: 897 (input: 896, output: 896)
Missing values: No

[General]
Verbose = 1
Compatibility = Latest
RandomSeed = 0
ResourceInfoLoaded = No

[Data]
File = chimp.arff
TestSet = None
PruneSet = None
XVal = 10
RemoveMissingTarget = No
NormalizeData = None

[Attributes]
Target = 2-897
Clustering = 2-897
Descriptive = 2-897
Key = 1
Disable = None
Weights = 1.0
ClusteringWeights = 1.0
ReduceMemoryNominalAttrs = No

[Constraints]
Syntactic = None
MaxSize = Infinity
MaxError = 0.0
MaxDepth = Infinity

[Output]
ShowModels = {Default, Pruned, Others}
TrainErrors = No
ValidErrors = Yes
TestErrors = Yes
AllFoldModels = Yes
AllFoldErrors = No
AllFoldDatasets = No
UnknownFrequency = No
BranchFrequency = No
ShowInfo = {Count}
PrintModelAndExamples = Yes
WriteErrorFile = No
WritePredictions = {None}
WriteModelIDFiles = No
WriteCurves = No
OutputPythonModel = No
OutputDatabaseQueries = No

[Nominal]
MEstimate = 1.0

[Model]
MinimalWeight = 1.0
MinimalNumberExamples = 0
MinimalKnownWeight = 0.0
ParamTuneNumberFolds = 10
ClassWeights = 0.0
NominalSubsetTests = Yes

[Tree]
Heuristic = GeneticDistance
PruningMethod = None
BinarySplit = Yes
ConvertToRules = No
AlternativeSplits = Yes
Optimize = {}
MSENominal = No

[Phylogeny]
DistanceMeasure = JC
OptimizationCriterion = MinTotBranchLength
Sequence = DNA
DistanceMatrix = dist

Run: 01
*******

Statistics
----------

FTValue (FTest): 1.0
Induction Time: 0.079 sec
Pruning Time: 0.001 sec
Model information
     Default: Nodes = 1 (Leaves: 1)
     Original: Nodes = 9 (Leaves: 5)

Default Model
*************

LEAF : 5 sequence(s)
"chimpanzee",A,A,G,C,T,T,C,A,C,C,G,G,C,G,C,A,A,T,T,A,T,C,C,T,C,A,T,A,A,T,C,G,C,C,C,A,C,G,G,A,C,T,T,A,C,A,T,C,C,T,C,A,T,T,A,T,T,A,T,T,C,T,G,C,C,T,A,G,C,A,A,A,C,T,C,A,A,A,T,T,A,T,G,A,A,C,G,C,A,C,C,C,A,C,A,G,T,C,G,C,A,T,C,A,T,A,A,T,T,C,T,C,T,C,C,C,A,A,G,G,A,C,T,T,C,A,A,A,C,T,C,T,A,C,T,C,C,C,A,C,T,A,A,T,A,G,C,C,T,T,T,T,G,A,T,G,A,C,T,C,C,T,A,G,C,A,A,G,C,C,T,C,G,C,T,A,A,C,C,T,C,G,C,C,C,T,A,C,C,C,C,C,T,A,C,C,A,T,T,A,A,T,C,T,C,C,T,A,G,G,G,G,A,A,C,T,C,T,C,C,G,T,G,C,T,A,G,T,A,A,C,C,T,C,A,T,T,C,T,C,C,T,G,A,T,C,A,A,A,T,A,C,C,A,C,T,C,T,C,C,T,A,C,T,C,A,C,A,G,G,A,T,T,C,A,A,C,A,T,A,C,T,A,A,T,C,A,C,A,G,C,C,C,T,G,T,A,C,T,C,C,C,T,C,T,A,C,A,T,G,T,T,T,A,C,C,A,C,A,A,C,A,C,A,A,T,G,A,G,G,C,T,C,A,C,T,C,A,C,C,C,A,C,C,A,C,A,T,T,A,A,T,A,A,C,A,T,A,A,A,G,C,C,C,T,C,A,T,T,C,A,C,A,C,G,A,G,A,A,A,A,T,A,C,T,C,T,C,A,T,A,T,T,T,T,T,A,C,A,C,C,T,A,T,C,C,C,C,C,A,T,C,C,T,C,C,T,T,C,T,A,T,C,C,C,T,C,A,A,T,C,C,T,G,A,T,A,T,C,A,T,C,A,C,T,G,G,A,T,T,C,A,C,C,T,C,C,T,G,T,A,A,A,T,A,T,A,G,T,T,T,A,A,C,C,A,A,A,A,C,A,T,C,A,G,A,T,T,G,T,G,A,A,T,C,T,G,A,C,A,A,C,A,G,A,G,G,C,T,C,A,C,G,A,C,C,C,C,T,T,A,T,T,T,A,C,C,G,A,G,A,A,A,G,C,T,T,A,T,A,A,G,A,A,C,T,G,C,T,A,A,T,T,C,A,T,A,T,C,C,C,C,A,T,G,C,C,T,G,A,C,A,A,C,A,T,G,G,C,T,T,T,C,T,C,A,A,C,T,T,T,T,A,A,A,G,G,A,T,A,A,C,A,G,C,C,A,T,C,C,G,T,T,G,G,T,C,T,T,A,G,G,C,C,C,C,A,A,A,A,A,T,T,T,T,G,G,T,G,C,A,A,C,T,C,C,A,A,A,T,A,A,A,A,G,T,A,A,T,A,A,C,C,A,T,G,T,A,T,A,C,T,A,C,C,A,T,A,A,C,C,A,C,C,T,T,A,A,C,C,C,T,A,A,C,T,C,C,C,T,T,A,A,T,T,C,T,C,C,C,C,A,T,C,C,T,C,A,C,C,A,C,C,C,T,C,A,T,T,A,A,C,C,C,T,A,A,C,A,A,A,A,A,A,A,A,C,T,C,A,T,A,T,C,C,C,C,A,T,T,A,T,G,T,G,A,A,A,T,C,C,A,T,T,A,T,C,G,C,G,T,C,C,A,C,C,T,T,T,A,T,C,A,T,T,A,G,C,C,T,T,T,T,C,C,C,C,A,C,A,A,C,A,A,T,A,T,T,C,A,T,A,T,G,C,C,T,A,G,A,C,C,A,A,G,A,A,G,C,T,A,T,T,A,T,C,T,C,A,A,A,C,T,G,G,C,A,C,T,G,A,G,C,A,A,C,A,A,C,C,C,A,A,A,C,A,A,C,C,C,A,G,C,T,C,T,C,C,C,T,A,A,G,C,T,T
"gibbonxxxx",A,A,G,C,T,T,T,A,C,A,G,G,T,G,C,A,A,C,C,G,T,C,C,T,C,A,T,A,A,T,C,G,C,C,C,A,C,G,G,A,C,T,A,A,C,C,T,C,T,T,C,C,C,T,G,C,T,A,T,T,C,T,G,C,C,T,T,G,C,A,A,A,C,T,C,A,A,A,C,T,A,C,G,A,A,C,G,A,A,C,T,C,A,C,A,G,C,C,G,C,A,T,C,A,T,A,A,T,C,C,T,A,T,C,T,C,G,A,G,G,G,C,T,C,C,A,A,G,C,C,T,T,A,C,T,C,C,C,A,C,T,G,A,T,A,G,C,C,T,T,C,T,G,A,T,G,A,C,T,C,G,C,A,G,C,A,A,G,C,C,T,C,G,C,T,A,A,C,C,T,C,G,C,C,C,T,A,C,C,C,C,C,C,A,C,T,A,T,T,A,A,C,C,T,C,C,T,A,G,G,T,G,A,A,C,T,C,T,T,C,G,T,A,C,T,A,A,T,G,G,C,C,T,C,C,T,T,C,T,C,C,T,G,G,G,C,A,A,A,C,A,C,T,A,C,T,A,T,T,A,C,A,C,T,C,A,C,C,G,G,G,C,T,C,A,A,C,G,T,A,C,T,A,A,T,C,A,C,G,G,C,C,C,T,A,T,A,C,T,C,C,C,T,T,T,A,C,A,T,A,T,T,T,A,T,C,A,T,A,A,C,A,C,A,A,C,G,A,G,G,C,A,C,A,C,T,T,A,C,A,C,A,C,C,A,C,A,T,T,A,A,A,A,A,C,A,T,A,A,A,A,C,C,C,T,C,A,C,T,C,A,C,A,C,G,A,G,A,A,A,A,C,A,T,A,T,T,A,A,T,A,C,T,T,A,T,G,C,A,C,C,T,C,T,T,C,C,C,C,C,T,C,C,T,C,C,T,C,C,T,A,A,C,C,C,T,C,A,A,C,C,C,T,A,A,C,A,T,C,A,T,T,A,C,T,G,G,C,T,T,T,A,C,T,C,C,C,T,G,T,A,A,A,C,A,T,A,G,T,T,T,A,A,T,C,A,A,A,A,C,A,T,T,A,G,A,T,T,G,T,G,A,A,T,C,T,A,A,C,A,A,T,A,G,A,G,G,C,T,C,G,A,A,A,C,C,T,C,T,T,G,C,T,T,A,C,C,G,A,G,A,A,A,G,C,C,C,A,C,A,A,G,A,A,C,T,G,C,T,A,A,C,T,C,A,C,T,A,T,C,C,C,A,T,G,T,A,T,G,A,C,A,A,C,A,T,G,G,C,T,T,T,C,T,C,A,A,C,T,T,T,T,A,A,A,G,G,A,T,A,A,C,A,G,C,T,A,T,C,C,A,T,T,G,G,T,C,T,T,A,G,G,A,C,C,C,A,A,A,A,A,T,T,T,T,G,G,T,G,C,A,A,C,T,C,C,A,A,A,T,A,A,A,A,G,T,A,A,T,A,G,C,A,A,T,G,T,A,C,A,C,C,A,C,C,A,T,A,G,C,C,A,T,T,C,T,A,A,C,G,C,T,A,A,C,C,T,C,C,C,T,A,A,T,T,C,C,C,C,C,C,A,T,T,A,C,A,G,C,C,A,C,C,C,T,T,A,T,T,A,A,C,C,C,C,A,A,T,A,A,A,A,A,G,A,A,C,T,T,A,T,A,C,C,C,G,C,A,C,T,A,C,G,T,A,A,A,A,A,T,G,A,C,C,A,T,T,G,C,C,T,C,T,A,C,C,T,T,T,A,T,A,A,T,C,A,G,C,C,T,A,T,T,T,C,C,C,A,C,A,A,T,A,A,T,A,T,T,C,A,T,G,T,G,C,A,C,A,G,A,C,C,A,A,G,A,A,A,C,C,A,T,T,A,T,T,T,C,A,A,A,C,T,G,A,C,A,C,T,G,A,A,C,T,G,C,A,A,C,C,C,A,A,A,C,G,C,T,A,G,A,A,C,T,C,T,C,C,C,T,A,A,G,C,T,T
"gorillaexx",A,A,G,C,T,T,C,A,C,C,G,G,C,G,C,A,G,T,T,G,T,T,C,T,T,A,T,A,A,T,T,G,C,C,C,A,C,G,G,A,C,T,T,A,C,A,T,C,A,T,C,A,T,T,A,T,T,A,T,T,C,T,G,C,C,T,A,G,C,A,A,A,C,T,C,A,A,A,C,T,A,C,G,A,A,C,G,A,A,C,C,C,A,C,A,G,C,C,G,C,A,T,C,A,T,A,A,T,T,C,T,C,T,C,T,C,A,A,G,G,A,C,T,C,C,A,A,A,C,C,C,T,A,C,T,C,C,C,A,C,T,A,A,T,A,G,C,C,C,T,T,T,G,A,T,G,A,C,T,T,C,T,G,G,C,A,A,G,C,C,T,C,G,C,C,A,A,C,C,T,C,G,C,C,T,T,A,C,C,C,C,C,C,A,C,C,A,T,T,A,A,C,C,T,A,C,T,A,G,G,A,G,A,G,C,T,C,T,C,C,G,T,A,C,T,A,G,T,A,A,C,C,A,C,A,T,T,C,T,C,C,T,G,A,T,C,A,A,A,T,A,C,C,A,C,C,C,T,T,T,T,A,C,T,T,A,C,A,G,G,A,T,C,T,A,A,C,A,T,A,C,T,A,A,T,C,A,C,A,G,C,C,C,T,G,T,A,C,T,C,C,C,T,T,T,A,T,A,T,A,T,T,T,A,C,C,A,C,A,A,C,A,C,A,A,T,G,A,G,G,C,C,C,A,C,T,C,A,C,A,C,A,C,C,A,C,A,T,C,A,C,C,A,A,C,A,T,A,A,A,A,C,C,C,T,C,A,T,T,T,A,C,A,C,G,A,G,A,A,A,A,C,A,T,C,C,T,C,A,T,A,T,T,C,A,T,G,C,A,C,C,T,A,T,C,C,C,C,C,A,T,C,C,T,C,C,T,C,C,T,A,T,C,C,C,T,C,A,A,C,C,C,C,G,A,T,A,T,T,A,T,C,A,C,C,G,G,G,T,T,C,A,C,C,T,C,C,T,G,T,A,A,A,T,A,T,A,G,T,T,T,A,A,C,C,A,A,A,A,C,A,T,C,A,G,A,T,T,G,T,G,A,A,T,C,T,G,A,T,A,A,C,A,G,A,G,G,C,T,C,A,C,A,A,C,C,C,C,T,T,A,T,T,T,A,C,C,G,A,G,A,A,A,G,C,T,C,G,T,A,A,G,A,G,C,T,G,C,T,A,A,C,T,C,A,T,A,C,C,C,C,C,G,T,G,C,T,T,G,A,C,A,A,C,A,T,G,G,C,T,T,T,C,T,C,A,A,C,T,T,T,T,A,A,A,G,G,A,T,A,A,C,A,G,C,T,A,T,C,C,A,T,T,G,G,T,C,T,T,A,G,G,A,C,C,C,A,A,A,A,A,T,T,T,T,G,G,T,G,C,A,A,C,T,C,C,A,A,A,T,A,A,A,A,G,T,A,A,T,A,A,C,T,A,T,G,T,A,C,G,C,T,A,C,C,A,T,A,A,C,C,A,C,C,T,T,A,G,C,C,C,T,A,A,C,T,T,C,C,T,T,A,A,T,T,C,C,C,C,C,T,A,T,C,C,T,T,A,C,C,A,C,C,T,T,C,A,T,C,A,A,T,C,C,T,A,A,C,A,A,A,A,A,A,A,G,C,T,C,A,T,A,C,C,C,C,C,A,T,T,A,C,G,T,A,A,A,A,T,C,T,A,T,C,G,T,C,G,C,A,T,C,C,A,C,C,T,T,T,A,T,C,A,T,C,A,G,C,C,T,C,T,T,C,C,C,C,A,C,A,A,C,A,A,T,A,T,T,T,C,T,A,T,G,C,C,T,A,G,A,C,C,A,A,G,A,A,G,C,T,A,T,T,A,T,C,T,C,A,A,G,C,T,G,A,C,A,C,T,G,A,G,C,A,A,C,A,A,C,C,C,A,A,A,C,A,A,T,T,C,A,A,C,T,C,T,C,C,C,T,A,A,G,C,T,T
"homosapien",A,A,G,C,T,T,C,A,C,C,G,G,C,G,C,A,G,T,C,A,T,T,C,T,C,A,T,A,A,T,C,G,C,C,C,A,C,G,G,A,C,T,T,A,C,A,T,C,C,T,C,A,T,T,A,C,T,A,T,T,C,T,G,C,C,T,A,G,C,A,A,A,C,T,C,A,A,A,C,T,A,C,G,A,A,C,G,C,A,C,T,C,A,C,A,G,T,C,G,C,A,T,C,A,T,A,A,T,C,C,T,C,T,C,T,C,A,A,G,G,A,C,T,T,C,A,A,A,C,T,C,T,A,C,T,C,C,C,A,C,T,A,A,T,A,G,C,T,T,T,T,T,G,A,T,G,A,C,T,T,C,T,A,G,C,A,A,G,C,C,T,C,G,C,T,A,A,C,C,T,C,G,C,C,T,T,A,C,C,C,C,C,C,A,C,T,A,T,T,A,A,C,C,T,A,C,T,G,G,G,A,G,A,A,C,T,C,T,C,T,G,T,G,C,T,A,G,T,A,A,C,C,A,C,A,T,T,C,T,C,C,T,G,A,T,C,A,A,A,T,A,T,C,A,C,T,C,T,C,C,T,A,C,T,T,A,C,A,G,G,A,C,T,C,A,A,C,A,T,A,C,T,A,G,T,C,A,C,A,G,C,C,C,T,A,T,A,C,T,C,C,C,T,C,T,A,C,A,T,A,T,T,T,A,C,C,A,C,A,A,C,A,C,A,A,T,G,A,G,G,C,T,C,A,C,T,C,A,C,C,C,A,C,C,A,C,A,T,T,A,A,C,A,A,C,A,T,A,A,A,A,C,C,C,T,C,A,T,T,C,A,C,A,C,G,A,G,A,A,A,A,C,A,C,C,C,T,C,A,T,G,T,T,C,A,T,A,C,A,C,C,T,A,T,C,C,C,C,C,A,T,T,C,T,C,C,T,C,C,T,A,T,C,C,C,T,C,A,A,C,C,C,C,G,A,C,A,T,C,A,T,T,A,C,C,G,G,G,T,T,T,T,C,C,T,C,T,T,G,T,A,A,A,T,A,T,A,G,T,T,T,A,A,C,C,A,A,A,A,C,A,T,C,A,G,A,T,T,G,T,G,A,A,T,C,T,G,A,C,A,A,C,A,G,A,G,G,C,T,T,A,C,G,A,C,C,C,C,T,T,A,T,T,T,A,C,C,G,A,G,A,A,A,G,C,T,C,A,C,A,A,G,A,A,C,T,G,C,T,A,A,C,T,C,A,T,G,C,C,C,C,C,A,T,G,T,C,T,A,A,C,A,A,C,A,T,G,G,C,T,T,T,C,T,C,A,A,C,T,T,T,T,A,A,A,G,G,A,T,A,A,C,A,G,C,T,A,T,C,C,A,T,T,G,G,T,C,T,T,A,G,G,C,C,C,C,A,A,A,A,A,T,T,T,T,G,G,T,G,C,A,A,C,T,C,C,A,A,A,T,A,A,A,A,G,T,A,A,T,A,A,C,C,A,T,G,C,A,C,A,C,T,A,C,T,A,T,A,A,C,C,A,C,C,C,T,A,A,C,C,C,T,G,A,C,T,T,C,C,C,T,A,A,T,T,C,C,C,C,C,C,A,T,C,C,T,T,A,C,C,A,C,C,C,T,C,G,T,T,A,A,C,C,C,T,A,A,C,A,A,A,A,A,A,A,A,C,T,C,A,T,A,C,C,C,C,C,A,T,T,A,T,G,T,A,A,A,A,T,C,C,A,T,T,G,T,C,G,C,A,T,C,C,A,C,C,T,T,T,A,T,T,A,T,C,A,G,T,C,T,C,T,T,C,C,C,C,A,C,A,A,C,A,A,T,A,T,T,C,A,T,G,T,G,C,C,T,A,G,A,C,C,A,A,G,A,A,G,T,T,A,T,T,A,T,C,T,C,G,A,A,C,T,G,A,C,A,C,T,G,A,G,C,C,A,C,A,A,C,C,C,A,A,A,C,A,A,C,C,C,A,G,C,T,C,T,C,C,C,T,A,A,G,C,T,T
"orangutang",A,A,G,C,T,T,C,A,C,C,G,G,C,G,C,A,A,C,C,A,C,C,C,T,C,A,T,G,A,T,T,G,C,C,C,A,T,G,G,A,C,T,C,A,C,A,T,C,C,T,C,C,C,T,A,C,T,G,T,T,C,T,G,C,C,T,A,G,C,A,A,A,C,T,C,A,A,A,C,T,A,C,G,A,A,C,G,A,A,C,C,C,A,C,A,G,C,C,G,C,A,T,C,A,T,A,A,T,C,C,T,C,T,C,T,C,A,A,G,G,C,C,T,T,C,A,A,A,C,T,C,T,A,C,T,C,C,C,C,C,T,A,A,T,A,G,C,C,C,T,C,T,G,A,T,G,A,C,T,T,C,T,A,G,C,A,A,G,C,C,T,C,A,C,T,A,A,C,C,T,T,G,C,C,C,T,A,C,C,A,C,C,C,A,C,C,A,T,C,A,A,C,C,T,T,C,T,A,G,G,A,G,A,A,C,T,C,T,C,C,G,T,A,C,T,A,A,T,A,G,C,C,A,T,A,T,T,C,T,C,T,T,G,A,T,C,T,A,A,C,A,T,C,A,C,C,A,T,C,C,T,A,C,T,A,A,C,A,G,G,A,C,T,C,A,A,C,A,T,A,C,T,A,A,T,C,A,C,A,A,C,C,C,T,A,T,A,C,T,C,T,C,T,C,T,A,T,A,T,A,T,T,C,A,C,C,A,C,A,A,C,A,C,A,A,C,G,A,G,G,T,A,C,A,C,C,C,A,C,A,C,A,C,C,A,C,A,T,C,A,A,C,A,A,C,A,T,A,A,A,A,C,C,T,T,C,T,T,T,C,A,C,A,C,G,C,G,A,A,A,A,T,A,C,C,C,T,C,A,T,G,C,T,C,A,T,A,C,A,C,C,T,A,T,C,C,C,C,C,A,T,C,C,T,C,C,T,C,T,T,A,T,C,C,C,T,C,A,A,C,C,C,C,A,G,C,A,T,C,A,T,C,G,C,T,G,G,G,T,T,C,G,C,C,T,A,C,T,G,T,A,A,A,T,A,T,A,G,T,T,T,A,A,C,C,A,A,A,A,C,A,T,T,A,G,A,T,T,G,T,G,A,A,T,C,T,A,A,T,A,A,T,A,G,G,G,C,C,C,C,A,C,A,A,C,C,C,C,T,T,A,T,T,T,A,C,C,G,A,G,A,A,A,G,C,T,C,A,C,A,A,G,A,A,C,T,G,C,T,A,A,C,T,C,A,T,C,A,C,T,C,C,A,T,G,T,G,T,G,A,C,A,A,C,A,T,G,G,C,T,T,T,C,T,C,A,G,C,T,T,T,T,A,A,A,G,G,A,T,A,A,C,A,G,C,T,A,T,C,C,C,T,T,G,G,T,C,T,T,A,G,G,A,T,C,C,A,A,A,A,A,T,T,T,T,G,G,T,G,C,A,A,C,T,C,C,A,A,A,T,A,A,A,A,G,T,A,A,C,A,G,C,C,A,T,G,T,T,T,A,C,C,A,C,C,A,T,A,A,C,T,G,C,C,C,T,C,A,C,C,T,T,A,A,C,T,T,C,C,C,T,A,A,T,C,C,C,C,C,C,C,A,T,T,A,C,C,G,C,T,A,C,C,C,T,C,A,T,T,A,A,C,C,C,C,A,A,C,A,A,A,A,A,A,A,A,C,C,C,A,T,A,C,C,C,C,C,A,C,T,A,T,G,T,A,A,A,A,A,C,G,G,C,C,A,T,C,G,C,A,T,C,C,G,C,C,T,T,T,A,C,T,A,T,C,A,G,C,C,T,T,A,T,C,C,C,A,A,C,A,A,C,A,A,T,A,T,T,T,A,T,C,T,G,C,C,T,A,G,G,A,C,A,A,G,A,A,A,C,C,A,T,C,G,T,C,A,C,A,A,A,C,T,G,A,T,G,C,T,G,A,A,C,A,A,C,C,A,C,C,C,A,G,A,C,A,C,T,A,C,A,A,C,T,C,T,C,A,C,T,A,A,G,C,T,T

Summary:
Min: []
Max: []
Avg: []
StdDev: []


Original Model
**************

p18 = C and p43 = T and p52 = A and p53 = C and p121 = A and p151 = C and p227 = A and p230 = A and p250 = C and p257 = A and p326 = C and p332 = A and p392 = C and p434 = A and p483 = C and p497 = A and p502 = C and p557 in {A,G} and p558 = A and p567 in {A,G} and p661 = A and p672 = C and p714 = C and p715 = A and p716 = C and p718 = A and p735 = C and p759 = C and p769 = A and p771 = G and p773 = C and p838 = A and p840 = C and p862 = A and p877 = A and p879 = A
+--yes: p7 = C and p10 = A and p13 = C and p20 = A and p21 = C and p28 = A and p31 = C and p37 = C and p43 = A and p46 = A and p49 = C and p55 = A and p58 = A and p67 = A and p91 = C and p112 = A and p117 = A and p121 = C and p124 = C and p128 = A and p130 = C and p131 = C and p139 = A and p142 = A and p149 = C and p160 = C and p161 = C and p162 = C and p173 = A and p181 = C and p190 = A and p196 = C and p199 = C and p205 = C and p211 = A and p219 = C and p229 = A and p233 = A and p234 = C and p235 = A and p241 = C and p244 = A and p245 = G and p247 = A and p252 = C and p253 = C and p256 = C and p259 = C and p260 = A and p261 = C and p265 = A and p268 = A and p271 = A and p278 = A and p289 = A and p290 = A and p301 = C and p304 = C and p307 = C and p313 = C and p315 = C and p318 = C and p331 = C and p336 = C and p337 = C and p349 = C and p352 = A and p364 = C and p367 = A and p368 = C and p376 = A and p382 = C and p384 = C and p385 = A and p386 = C and p388 = A and p391 = A and p394 = C and p397 = A and p403 = A and p405 = C and p410 = A and p419 = C and p422 = A and p433 = C and p435 = A and p442 = C and p443 = A and p448 = C and p451 = C and p452 = A and p454 = C and p455 = C and p456 = A and p464 = C and p474 = C and p499 = C and p505 = A and p507 = C and p509 = C and p511 = A and p512 = A and p517 = C and p521 = A and p522 = C and p536 = C and p556 = C and p557 = C and p559 = C and p560 = C and p567 = A and p587 = A and p611 = A and p624 = C and p659 = C and p663 = A and p668 = A and p669 = C and p679 = A and p681 = C and p682 = A and p683 = C and p684 = C and p687 = A and p690 = C and p691 = C and p696 = C and p705 = C and p717 = A and p720 = C and p726 = C and p738 = C and p744 = A and p748 = C and p749 = C and p756 = C and p762 = C and p770 = C and p772 = A and p777 = C and p780 = A and p783 = C and p784 = A and p791 = C and p792 = A and p801 = A and p802 = A and p804 = C and p807 = A and p812 = C and p819 = C and p822 = C and p826 = A and p827 = C and p830 = A and p831 = A and p843 = C and p844 = A and p846 = C and p847 = A and p856 = C and p857 = A and p864 = A and p865 = A and p867 = A and p873 = A and p876 = A and p880 = C and p888 = A
|       +--yes: LEAF : 1 sequence(s)
|       |       "orangutang",A,A,G,C,T,T,C,A,C,C,G,G,C,G,C,A,A,C,C,A,C,C,C,T,C,A,T,G,A,T,T,G,C,C,C,A,T,G,G,A,C,T,C,A,C,A,T,C,C,T,C,C,C,T,A,C,T,G,T,T,C,T,G,C,C,T,A,G,C,A,A,A,C,T,C,A,A,A,C,T,A,C,G,A,A,C,G,A,A,C,C,C,A,C,A,G,C,C,G,C,A,T,C,A,T,A,A,T,C,C,T,C,T,C,T,C,A,A,G,G,C,C,T,T,C,A,A,A,C,T,C,T,A,C,T,C,C,C,C,C,T,A,A,T,A,G,C,C,C,T,C,T,G,A,T,G,A,C,T,T,C,T,A,G,C,A,A,G,C,C,T,C,A,C,T,A,A,C,C,T,T,G,C,C,C,T,A,C,C,A,C,C,C,A,C,C,A,T,C,A,A,C,C,T,T,C,T,A,G,G,A,G,A,A,C,T,C,T,C,C,G,T,A,C,T,A,A,T,A,G,C,C,A,T,A,T,T,C,T,C,T,T,G,A,T,C,T,A,A,C,A,T,C,A,C,C,A,T,C,C,T,A,C,T,A,A,C,A,G,G,A,C,T,C,A,A,C,A,T,A,C,T,A,A,T,C,A,C,A,A,C,C,C,T,A,T,A,C,T,C,T,C,T,C,T,A,T,A,T,A,T,T,C,A,C,C,A,C,A,A,C,A,C,A,A,C,G,A,G,G,T,A,C,A,C,C,C,A,C,A,C,A,C,C,A,C,A,T,C,A,A,C,A,A,C,A,T,A,A,A,A,C,C,T,T,C,T,T,T,C,A,C,A,C,G,C,G,A,A,A,A,T,A,C,C,C,T,C,A,T,G,C,T,C,A,T,A,C,A,C,C,T,A,T,C,C,C,C,C,A,T,C,C,T,C,C,T,C,T,T,A,T,C,C,C,T,C,A,A,C,C,C,C,A,G,C,A,T,C,A,T,C,G,C,T,G,G,G,T,T,C,G,C,C,T,A,C,T,G,T,A,A,A,T,A,T,A,G,T,T,T,A,A,C,C,A,A,A,A,C,A,T,T,A,G,A,T,T,G,T,G,A,A,T,C,T,A,A,T,A,A,T,A,G,G,G,C,C,C,C,A,C,A,A,C,C,C,C,T,T,A,T,T,T,A,C,C,G,A,G,A,A,A,G,C,T,C,A,C,A,A,G,A,A,C,T,G,C,T,A,A,C,T,C,A,T,C,A,C,T,C,C,A,T,G,T,G,T,G,A,C,A,A,C,A,T,G,G,C,T,T,T,C,T,C,A,G,C,T,T,T,T,A,A,A,G,G,A,T,A,A,C,A,G,C,T,A,T,C,C,C,T,T,G,G,T,C,T,T,A,G,G,A,T,C,C,A,A,A,A,A,T,T,T,T,G,G,T,G,C,A,A,C,T,C,C,A,A,A,T,A,A,A,A,G,T,A,A,C,A,G,C,C,A,T,G,T,T,T,A,C,C,A,C,C,A,T,A,A,C,T,G,C,C,C,T,C,A,C,C,T,T,A,A,C,T,T,C,C,C,T,A,A,T,C,C,C,C,C,C,C,A,T,T,A,C,C,G,C,T,A,C,C,C,T,C,A,T,T,A,A,C,C,C,C,A,A,C,A,A,A,A,A,A,A,A,C,C,C,A,T,A,C,C,C,C,C,A,C,T,A,T,G,T,A,A,A,A,A,C,G,G,C,C,A,T,C,G,C,A,T,C,C,G,C,C,T,T,T,A,C,T,A,T,C,A,G,C,C,T,T,A,T,C,C,C,A,A,C,A,A,C,A,A,T,A,T,T,T,A,T,C,T,G,C,C,T,A,G,G,A,C,A,A,G,A,A,A,C,C,A,T,C,G,T,C,A,C,A,A,A,C,T,G,A,T,G,C,T,G,A,A,C,A,A,C,C,A,C,C,C,A,G,A,C,A,C,T,A,C,A,A,C,T,C,T,C,A,C,T,A,A,G,C,T,T

|       |       Summary:
|       |       Min: []
|       |       Max: []
|       |       Avg: []
|       |       StdDev: []

|       +--no:  LEAF : 1 sequence(s)
|               "gibbonxxxx",A,A,G,C,T,T,T,A,C,A,G,G,T,G,C,A,A,C,C,G,T,C,C,T,C,A,T,A,A,T,C,G,C,C,C,A,C,G,G,A,C,T,A,A,C,C,T,C,T,T,C,C,C,T,G,C,T,A,T,T,C,T,G,C,C,T,T,G,C,A,A,A,C,T,C,A,A,A,C,T,A,C,G,A,A,C,G,A,A,C,T,C,A,C,A,G,C,C,G,C,A,T,C,A,T,A,A,T,C,C,T,A,T,C,T,C,G,A,G,G,G,C,T,C,C,A,A,G,C,C,T,T,A,C,T,C,C,C,A,C,T,G,A,T,A,G,C,C,T,T,C,T,G,A,T,G,A,C,T,C,G,C,A,G,C,A,A,G,C,C,T,C,G,C,T,A,A,C,C,T,C,G,C,C,C,T,A,C,C,C,C,C,C,A,C,T,A,T,T,A,A,C,C,T,C,C,T,A,G,G,T,G,A,A,C,T,C,T,T,C,G,T,A,C,T,A,A,T,G,G,C,C,T,C,C,T,T,C,T,C,C,T,G,G,G,C,A,A,A,C,A,C,T,A,C,T,A,T,T,A,C,A,C,T,C,A,C,C,G,G,G,C,T,C,A,A,C,G,T,A,C,T,A,A,T,C,A,C,G,G,C,C,C,T,A,T,A,C,T,C,C,C,T,T,T,A,C,A,T,A,T,T,T,A,T,C,A,T,A,A,C,A,C,A,A,C,G,A,G,G,C,A,C,A,C,T,T,A,C,A,C,A,C,C,A,C,A,T,T,A,A,A,A,A,C,A,T,A,A,A,A,C,C,C,T,C,A,C,T,C,A,C,A,C,G,A,G,A,A,A,A,C,A,T,A,T,T,A,A,T,A,C,T,T,A,T,G,C,A,C,C,T,C,T,T,C,C,C,C,C,T,C,C,T,C,C,T,C,C,T,A,A,C,C,C,T,C,A,A,C,C,C,T,A,A,C,A,T,C,A,T,T,A,C,T,G,G,C,T,T,T,A,C,T,C,C,C,T,G,T,A,A,A,C,A,T,A,G,T,T,T,A,A,T,C,A,A,A,A,C,A,T,T,A,G,A,T,T,G,T,G,A,A,T,C,T,A,A,C,A,A,T,A,G,A,G,G,C,T,C,G,A,A,A,C,C,T,C,T,T,G,C,T,T,A,C,C,G,A,G,A,A,A,G,C,C,C,A,C,A,A,G,A,A,C,T,G,C,T,A,A,C,T,C,A,C,T,A,T,C,C,C,A,T,G,T,A,T,G,A,C,A,A,C,A,T,G,G,C,T,T,T,C,T,C,A,A,C,T,T,T,T,A,A,A,G,G,A,T,A,A,C,A,G,C,T,A,T,C,C,A,T,T,G,G,T,C,T,T,A,G,G,A,C,C,C,A,A,A,A,A,T,T,T,T,G,G,T,G,C,A,A,C,T,C,C,A,A,A,T,A,A,A,A,G,T,A,A,T,A,G,C,A,A,T,G,T,A,C,A,C,C,A,C,C,A,T,A,G,C,C,A,T,T,C,T,A,A,C,G,C,T,A,A,C,C,T,C,C,C,T,A,A,T,T,C,C,C,C,C,C,A,T,T,A,C,A,G,C,C,A,C,C,C,T,T,A,T,T,A,A,C,C,C,C,A,A,T,A,A,A,A,A,G,A,A,C,T,T,A,T,A,C,C,C,G,C,A,C,T,A,C,G,T,A,A,A,A,A,T,G,A,C,C,A,T,T,G,C,C,T,C,T,A,C,C,T,T,T,A,T,A,A,T,C,A,G,C,C,T,A,T,T,T,C,C,C,A,C,A,A,T,A,A,T,A,T,T,C,A,T,G,T,G,C,A,C,A,G,A,C,C,A,A,G,A,A,A,C,C,A,T,T,A,T,T,T,C,A,A,A,C,T,G,A,C,A,C,T,G,A,A,C,T,G,C,A,A,C,C,C,A,A,A,C,G,C,T,A,G,A,A,C,T,C,T,C,C,C,T,A,A,G,C,T,T

|               Summary:
|               Min: []
|               Max: []
|               Avg: []
|               StdDev: []

+--no:  p20 = A and p25 = C and p31 = C and p49 = A and p88 = A and p97 = C and p124 = C and p130 = C and p149 = C and p163 = A and p175 = C and p214 = A and p223 = A and p256 = C and p259 = C and p260 = C and p273 = C and p274 = C and p304 = C and p307 = C and p332 = C and p340 = A and p349 = C and p351 = A and p370 = C and p384 = C and p397 = A and p439 = C and p499 = C and p513 = A and p538 = A and p544 = A and p563 = A and p567 = C and p623 = A and p663 = C and p670 = A and p688 = A and p711 = C and p724 = C and p729 = C and p732 = C and p746 = A and p762 = C and p771 = C and p774 = C and p819 = C and p820 = A and p851 = A and p878 = C and p879 = C and p882 = A
        +--yes: p17 = A and p19 = C and p22 = C and p56 = C and p79 = C and p82 = C and p91 = C and p109 = C and p115 = C and p148 = C and p160 = C and p185 = C and p193 = C and p196 = C and p202 = C and p205 = A and p208 = A and p211 = A and p220 = C and p233 = A and p252 = C and p265 = C and p272 = C and p284 = A and p295 = A and p310 = A and p352 = C and p361 = A and p382 = C and p385 = C and p391 = A and p394 = C and p395 = A and p412 = C and p418 = C and p430 = C and p433 = C and p436 = C and p442 = C and p445 = C and p448 = A and p451 = C and p452 = A and p457 = C and p510 = C and p537 = C and p539 = C and p552 = C and p557 = A and p558 = C and p566 = C and p569 = A and p606 = C and p611 = A and p667 = C and p669 = C and p675 = C and p685 = C and p693 = A and p697 = C and p700 = C and p707 = C and p717 = C and p727 = A and p753 = C and p765 = A and p775 = A and p780 = A and p792 = C and p795 = C and p798 = C and p801 = C and p822 = A and p839 = C and p849 = A and p855 = A and p864 = A
        |       +--yes: LEAF : 1 sequence(s)
        |       |       "chimpanzee",A,A,G,C,T,T,C,A,C,C,G,G,C,G,C,A,A,T,T,A,T,C,C,T,C,A,T,A,A,T,C,G,C,C,C,A,C,G,G,A,C,T,T,A,C,A,T,C,C,T,C,A,T,T,A,T,T,A,T,T,C,T,G,C,C,T,A,G,C,A,A,A,C,T,C,A,A,A,T,T,A,T,G,A,A,C,G,C,A,C,C,C,A,C,A,G,T,C,G,C,A,T,C,A,T,A,A,T,T,C,T,C,T,C,C,C,A,A,G,G,A,C,T,T,C,A,A,A,C,T,C,T,A,C,T,C,C,C,A,C,T,A,A,T,A,G,C,C,T,T,T,T,G,A,T,G,A,C,T,C,C,T,A,G,C,A,A,G,C,C,T,C,G,C,T,A,A,C,C,T,C,G,C,C,C,T,A,C,C,C,C,C,T,A,C,C,A,T,T,A,A,T,C,T,C,C,T,A,G,G,G,G,A,A,C,T,C,T,C,C,G,T,G,C,T,A,G,T,A,A,C,C,T,C,A,T,T,C,T,C,C,T,G,A,T,C,A,A,A,T,A,C,C,A,C,T,C,T,C,C,T,A,C,T,C,A,C,A,G,G,A,T,T,C,A,A,C,A,T,A,C,T,A,A,T,C,A,C,A,G,C,C,C,T,G,T,A,C,T,C,C,C,T,C,T,A,C,A,T,G,T,T,T,A,C,C,A,C,A,A,C,A,C,A,A,T,G,A,G,G,C,T,C,A,C,T,C,A,C,C,C,A,C,C,A,C,A,T,T,A,A,T,A,A,C,A,T,A,A,A,G,C,C,C,T,C,A,T,T,C,A,C,A,C,G,A,G,A,A,A,A,T,A,C,T,C,T,C,A,T,A,T,T,T,T,T,A,C,A,C,C,T,A,T,C,C,C,C,C,A,T,C,C,T,C,C,T,T,C,T,A,T,C,C,C,T,C,A,A,T,C,C,T,G,A,T,A,T,C,A,T,C,A,C,T,G,G,A,T,T,C,A,C,C,T,C,C,T,G,T,A,A,A,T,A,T,A,G,T,T,T,A,A,C,C,A,A,A,A,C,A,T,C,A,G,A,T,T,G,T,G,A,A,T,C,T,G,A,C,A,A,C,A,G,A,G,G,C,T,C,A,C,G,A,C,C,C,C,T,T,A,T,T,T,A,C,C,G,A,G,A,A,A,G,C,T,T,A,T,A,A,G,A,A,C,T,G,C,T,A,A,T,T,C,A,T,A,T,C,C,C,C,A,T,G,C,C,T,G,A,C,A,A,C,A,T,G,G,C,T,T,T,C,T,C,A,A,C,T,T,T,T,A,A,A,G,G,A,T,A,A,C,A,G,C,C,A,T,C,C,G,T,T,G,G,T,C,T,T,A,G,G,C,C,C,C,A,A,A,A,A,T,T,T,T,G,G,T,G,C,A,A,C,T,C,C,A,A,A,T,A,A,A,A,G,T,A,A,T,A,A,C,C,A,T,G,T,A,T,A,C,T,A,C,C,A,T,A,A,C,C,A,C,C,T,T,A,A,C,C,C,T,A,A,C,T,C,C,C,T,T,A,A,T,T,C,T,C,C,C,C,A,T,C,C,T,C,A,C,C,A,C,C,C,T,C,A,T,T,A,A,C,C,C,T,A,A,C,A,A,A,A,A,A,A,A,C,T,C,A,T,A,T,C,C,C,C,A,T,T,A,T,G,T,G,A,A,A,T,C,C,A,T,T,A,T,C,G,C,G,T,C,C,A,C,C,T,T,T,A,T,C,A,T,T,A,G,C,C,T,T,T,T,C,C,C,C,A,C,A,A,C,A,A,T,A,T,T,C,A,T,A,T,G,C,C,T,A,G,A,C,C,A,A,G,A,A,G,C,T,A,T,T,A,T,C,T,C,A,A,A,C,T,G,G,C,A,C,T,G,A,G,C,A,A,C,A,A,C,C,C,A,A,A,C,A,A,C,C,C,A,G,C,T,C,T,C,C,C,T,A,A,G,C,T,T

        |       |       Summary:
        |       |       Min: []
        |       |       Max: []
        |       |       Avg: []
        |       |       StdDev: []

        |       +--no:  LEAF : 1 sequence(s)
        |               "homosapien",A,A,G,C,T,T,C,A,C,C,G,G,C,G,C,A,G,T,C,A,T,T,C,T,C,A,T,A,A,T,C,G,C,C,C,A,C,G,G,A,C,T,T,A,C,A,T,C,C,T,C,A,T,T,A,C,T,A,T,T,C,T,G,C,C,T,A,G,C,A,A,A,C,T,C,A,A,A,C,T,A,C,G,A,A,C,G,C,A,C,T,C,A,C,A,G,T,C,G,C,A,T,C,A,T,A,A,T,C,C,T,C,T,C,T,C,A,A,G,G,A,C,T,T,C,A,A,A,C,T,C,T,A,C,T,C,C,C,A,C,T,A,A,T,A,G,C,T,T,T,T,T,G,A,T,G,A,C,T,T,C,T,A,G,C,A,A,G,C,C,T,C,G,C,T,A,A,C,C,T,C,G,C,C,T,T,A,C,C,C,C,C,C,A,C,T,A,T,T,A,A,C,C,T,A,C,T,G,G,G,A,G,A,A,C,T,C,T,C,T,G,T,G,C,T,A,G,T,A,A,C,C,A,C,A,T,T,C,T,C,C,T,G,A,T,C,A,A,A,T,A,T,C,A,C,T,C,T,C,C,T,A,C,T,T,A,C,A,G,G,A,C,T,C,A,A,C,A,T,A,C,T,A,G,T,C,A,C,A,G,C,C,C,T,A,T,A,C,T,C,C,C,T,C,T,A,C,A,T,A,T,T,T,A,C,C,A,C,A,A,C,A,C,A,A,T,G,A,G,G,C,T,C,A,C,T,C,A,C,C,C,A,C,C,A,C,A,T,T,A,A,C,A,A,C,A,T,A,A,A,A,C,C,C,T,C,A,T,T,C,A,C,A,C,G,A,G,A,A,A,A,C,A,C,C,C,T,C,A,T,G,T,T,C,A,T,A,C,A,C,C,T,A,T,C,C,C,C,C,A,T,T,C,T,C,C,T,C,C,T,A,T,C,C,C,T,C,A,A,C,C,C,C,G,A,C,A,T,C,A,T,T,A,C,C,G,G,G,T,T,T,T,C,C,T,C,T,T,G,T,A,A,A,T,A,T,A,G,T,T,T,A,A,C,C,A,A,A,A,C,A,T,C,A,G,A,T,T,G,T,G,A,A,T,C,T,G,A,C,A,A,C,A,G,A,G,G,C,T,T,A,C,G,A,C,C,C,C,T,T,A,T,T,T,A,C,C,G,A,G,A,A,A,G,C,T,C,A,C,A,A,G,A,A,C,T,G,C,T,A,A,C,T,C,A,T,G,C,C,C,C,C,A,T,G,T,C,T,A,A,C,A,A,C,A,T,G,G,C,T,T,T,C,T,C,A,A,C,T,T,T,T,A,A,A,G,G,A,T,A,A,C,A,G,C,T,A,T,C,C,A,T,T,G,G,T,C,T,T,A,G,G,C,C,C,C,A,A,A,A,A,T,T,T,T,G,G,T,G,C,A,A,C,T,C,C,A,A,A,T,A,A,A,A,G,T,A,A,T,A,A,C,C,A,T,G,C,A,C,A,C,T,A,C,T,A,T,A,A,C,C,A,C,C,C,T,A,A,C,C,C,T,G,A,C,T,T,C,C,C,T,A,A,T,T,C,C,C,C,C,C,A,T,C,C,T,T,A,C,C,A,C,C,C,T,C,G,T,T,A,A,C,C,C,T,A,A,C,A,A,A,A,A,A,A,A,C,T,C,A,T,A,C,C,C,C,C,A,T,T,A,T,G,T,A,A,A,A,T,C,C,A,T,T,G,T,C,G,C,A,T,C,C,A,C,C,T,T,T,A,T,T,A,T,C,A,G,T,C,T,C,T,T,C,C,C,C,A,C,A,A,C,A,A,T,A,T,T,C,A,T,G,T,G,C,C,T,A,G,A,C,C,A,A,G,A,A,G,T,T,A,T,T,A,T,C,T,C,G,A,A,C,T,G,A,C,A,C,T,G,A,G,C,C,A,C,A,A,C,C,C,A,A,A,C,A,A,C,C,C,A,G,C,T,C,T,C,C,C,T,A,A,G,C,T,T

        |               Summary:
        |               Min: []
        |               Max: []
        |               Avg: []
        |               StdDev: []

        +--no:  LEAF : 1 sequence(s)
                "gorillaexx",A,A,G,C,T,T,C,A,C,C,G,G,C,G,C,A,G,T,T,G,T,T,C,T,T,A,T,A,A,T,T,G,C,C,C,A,C,G,G,A,C,T,T,A,C,A,T,C,A,T,C,A,T,T,A,T,T,A,T,T,C,T,G,C,C,T,A,G,C,A,A,A,C,T,C,A,A,A,C,T,A,C,G,A,A,C,G,A,A,C,C,C,A,C,A,G,C,C,G,C,A,T,C,A,T,A,A,T,T,C,T,C,T,C,T,C,A,A,G,G,A,C,T,C,C,A,A,A,C,C,C,T,A,C,T,C,C,C,A,C,T,A,A,T,A,G,C,C,C,T,T,T,G,A,T,G,A,C,T,T,C,T,G,G,C,A,A,G,C,C,T,C,G,C,C,A,A,C,C,T,C,G,C,C,T,T,A,C,C,C,C,C,C,A,C,C,A,T,T,A,A,C,C,T,A,C,T,A,G,G,A,G,A,G,C,T,C,T,C,C,G,T,A,C,T,A,G,T,A,A,C,C,A,C,A,T,T,C,T,C,C,T,G,A,T,C,A,A,A,T,A,C,C,A,C,C,C,T,T,T,T,A,C,T,T,A,C,A,G,G,A,T,C,T,A,A,C,A,T,A,C,T,A,A,T,C,A,C,A,G,C,C,C,T,G,T,A,C,T,C,C,C,T,T,T,A,T,A,T,A,T,T,T,A,C,C,A,C,A,A,C,A,C,A,A,T,G,A,G,G,C,C,C,A,C,T,C,A,C,A,C,A,C,C,A,C,A,T,C,A,C,C,A,A,C,A,T,A,A,A,A,C,C,C,T,C,A,T,T,T,A,C,A,C,G,A,G,A,A,A,A,C,A,T,C,C,T,C,A,T,A,T,T,C,A,T,G,C,A,C,C,T,A,T,C,C,C,C,C,A,T,C,C,T,C,C,T,C,C,T,A,T,C,C,C,T,C,A,A,C,C,C,C,G,A,T,A,T,T,A,T,C,A,C,C,G,G,G,T,T,C,A,C,C,T,C,C,T,G,T,A,A,A,T,A,T,A,G,T,T,T,A,A,C,C,A,A,A,A,C,A,T,C,A,G,A,T,T,G,T,G,A,A,T,C,T,G,A,T,A,A,C,A,G,A,G,G,C,T,C,A,C,A,A,C,C,C,C,T,T,A,T,T,T,A,C,C,G,A,G,A,A,A,G,C,T,C,G,T,A,A,G,A,G,C,T,G,C,T,A,A,C,T,C,A,T,A,C,C,C,C,C,G,T,G,C,T,T,G,A,C,A,A,C,A,T,G,G,C,T,T,T,C,T,C,A,A,C,T,T,T,T,A,A,A,G,G,A,T,A,A,C,A,G,C,T,A,T,C,C,A,T,T,G,G,T,C,T,T,A,G,G,A,C,C,C,A,A,A,A,A,T,T,T,T,G,G,T,G,C,A,A,C,T,C,C,A,A,A,T,A,A,A,A,G,T,A,A,T,A,A,C,T,A,T,G,T,A,C,G,C,T,A,C,C,A,T,A,A,C,C,A,C,C,T,T,A,G,C,C,C,T,A,A,C,T,T,C,C,T,T,A,A,T,T,C,C,C,C,C,T,A,T,C,C,T,T,A,C,C,A,C,C,T,T,C,A,T,C,A,A,T,C,C,T,A,A,C,A,A,A,A,A,A,A,G,C,T,C,A,T,A,C,C,C,C,C,A,T,T,A,C,G,T,A,A,A,A,T,C,T,A,T,C,G,T,C,G,C,A,T,C,C,A,C,C,T,T,T,A,T,C,A,T,C,A,G,C,C,T,C,T,T,C,C,C,C,A,C,A,A,C,A,A,T,A,T,T,T,C,T,A,T,G,C,C,T,A,G,A,C,C,A,A,G,A,A,G,C,T,A,T,T,A,T,C,T,C,A,A,G,C,T,G,A,C,A,C,T,G,A,G,C,A,A,C,A,A,C,C,C,A,A,A,C,A,A,T,T,C,A,A,C,T,C,T,C,C,C,T,A,A,G,C,T,T

                Summary:
                Min: []
                Max: []
                Avg: []
                StdDev: []


