Initial beam:
*********************************************
Model: 0 value: -0.8633333333333334 error: 0.8533333333333334 parent: 0
[30,30,30,128,64,30,30,132,30,30,30,64,30,98,91,15,14,16,8] : 900

Step:0
*********************************************
Model: 0 value: -0.741111111111111 error: 0.7111111111111111 parent: 0
fruit-pods in {norm,diseased}
+--yes: [30,30,0,0,64,30,30,132,30,30,30,64,30,98,91,15,0,0,0] : 704
+--no:  [0,0,30,128,0,0,0,0,0,0,0,0,0,0,0,0,14,16,8] : 196

Model: 1 value: -0.741111111111111 error: 0.7111111111111111 parent: 0
canker-lesion = dk-brown-blk
+--yes: [0,0,0,128,0,0,0,0,0,0,0,49,0,0,55,0,0,0,0] : 232
+--no:  [30,30,30,0,64,30,30,132,30,30,30,15,30,98,36,15,14,16,8] : 668

Model: 2 value: -0.7411111111111112 error: 0.7111111111111111 parent: 0
fruit-spots in {absent,colored,brown-w/blk-specks}
+--yes: [0,0,0,0,36,30,30,132,30,30,30,64,30,98,91,15,0,0,0] : 616
+--no:  [30,30,30,128,28,0,0,0,0,0,0,0,0,0,0,0,14,16,8] : 284

Model: 3 value: -0.7411111111111112 error: 0.7111111111111111 parent: 0
leafspot-size = gt-1/8
+--yes: [0,0,0,0,14,0,30,132,0,0,0,0,30,98,91,0,0,0,4] : 399
+--no:  [30,30,30,128,50,30,0,0,30,30,30,64,0,0,0,15,14,16,4] : 501

Model: 4 value: -0.7411111111111112 error: 0.7111111111111111 parent: 0
leafspots-marg = w-s-marg
+--yes: [0,0,0,0,13,0,30,132,30,4,16,0,30,98,91,0,0,0,0] : 444
+--no:  [30,30,30,128,51,30,0,0,0,26,14,64,0,0,0,15,14,16,8] : 456

Step:1
*********************************************
Model: 0 value: -0.6811111111111111 error: 0.6311111111111111 parent: 34
canker-lesion = dk-brown-blk
+--yes: [0,0,0,128,0,0,0,0,0,0,0,49,0,0,55,0,0,0,0] : 232
+--no:  date in {august,september,october}
        +--yes: [23,25,1,0,53,19,15,22,14,7,24,10,2,94,29,13,5,6,0] : 362
        +--no:  [7,5,29,0,11,11,15,110,16,23,6,5,28,4,7,2,9,10,8] : 306

Model: 1 value: -0.6811111111111111 error: 0.6311111111111111 parent: 33
fruit-spots in {absent,colored,brown-w/blk-specks}
+--yes: date in {august,september,october}
|       +--yes: [0,0,0,0,32,19,15,22,14,7,24,52,2,94,78,13,0,0,0] : 372
|       +--no:  [0,0,0,0,4,11,15,110,16,23,6,12,28,4,13,2,0,0,0] : 244
+--no:  [30,30,30,128,28,0,0,0,0,0,0,0,0,0,0,0,14,16,8] : 284

Model: 2 value: -0.6811111111111111 error: 0.6311111111111111 parent: 32
leafspot-size = gt-1/8
+--yes: date in {august,september,october}
|       +--yes: [0,0,0,0,10,0,15,22,0,0,0,0,2,94,78,0,0,0,0] : 221
|       +--no:  [0,0,0,0,4,0,15,110,0,0,0,0,28,4,13,0,0,0,4] : 178
+--no:  [30,30,30,128,50,30,0,0,30,30,30,64,0,0,0,15,14,16,4] : 501

Model: 3 value: -0.6811111111111112 error: 0.6311111111111111 parent: 35
fruit-pods in {norm,diseased}
+--yes: date in {august,september,october}
|       +--yes: [23,25,0,0,53,19,15,22,14,7,24,52,2,94,78,13,0,0,0] : 441
|       +--no:  [7,5,0,0,11,11,15,110,16,23,6,12,28,4,13,2,0,0,0] : 263
+--no:  [0,0,30,128,0,0,0,0,0,0,0,0,0,0,0,0,14,16,8] : 196

Model: 4 value: -0.6811111111111112 error: 0.6311111111111111 parent: 31
leafspots-marg = w-s-marg
+--yes: date in {august,september,october}
|       +--yes: [0,0,0,0,9,0,15,22,14,2,16,0,2,94,78,0,0,0,0] : 252
|       +--no:  [0,0,0,0,4,0,15,110,16,2,0,0,28,4,13,0,0,0,0] : 192
+--no:  [30,30,30,128,51,30,0,0,0,26,14,64,0,0,0,15,14,16,8] : 456

Step:2
*********************************************
Model: 0 value: -0.63 error: 0.56 parent: 984
leafspot-size = gt-1/8
+--yes: date in {august,september,october}
|       +--yes: [0,0,0,0,10,0,15,22,0,0,0,0,2,94,78,0,0,0,0] : 221
|       +--no:  [0,0,0,0,4,0,15,110,0,0,0,0,28,4,13,0,0,0,4] : 178
+--no:  fruit-pods in {norm,diseased}
        +--yes: [30,30,0,0,50,30,0,0,30,30,30,64,0,0,0,15,0,0,0] : 309
        +--no:  [0,0,30,128,0,0,0,0,0,0,0,0,0,0,0,0,14,16,4] : 192

Model: 1 value: -0.63 error: 0.56 parent: 975
fruit-spots in {absent,colored,brown-w/blk-specks}
+--yes: leafspots-halo = absent
|       +--yes: [0,0,0,0,36,30,0,0,0,0,14,64,0,0,0,0,0,0,0] : 144
|       +--no:  date in {august,september,october}
|               +--yes: [0,0,0,0,0,0,15,22,14,7,16,0,2,94,78,13,0,0,0] : 261
|               +--no:  [0,0,0,0,0,0,15,110,16,23,0,0,28,4,13,2,0,0,0] : 211
+--no:  [30,30,30,128,28,0,0,0,0,0,0,0,0,0,0,0,14,16,8] : 284

Model: 2 value: -0.6300000000000001 error: 0.56 parent: 987
fruit-pods in {norm,diseased}
+--yes: int-discolor = none
|       +--yes: date in {august,september,october}
|       |       +--yes: [23,0,0,0,0,19,15,22,14,7,24,52,2,94,78,13,0,0,0] : 363
|       |       +--no:  [7,0,0,0,0,11,15,110,16,23,6,12,28,4,13,2,0,0,0] : 247
|       +--no:  [0,30,0,0,64,0,0,0,0,0,0,0,0,0,0,0,0,0,0] : 94
+--no:  [0,0,30,128,0,0,0,0,0,0,0,0,0,0,0,0,14,16,8] : 196

Model: 3 value: -0.6300000000000001 error: 0.56 parent: 986
fruit-pods in {norm,diseased}
+--yes: leafspot-size = gt-1/8
|       +--yes: date in {august,september,october}
|       |       +--yes: [0,0,0,0,10,0,15,22,0,0,0,0,2,94,78,0,0,0,0] : 221
|       |       +--no:  [0,0,0,0,4,0,15,110,0,0,0,0,28,4,13,0,0,0,0] : 174
|       +--no:  [30,30,0,0,50,30,0,0,30,30,30,64,0,0,0,15,0,0,0] : 309
+--no:  [0,0,30,128,0,0,0,0,0,0,0,0,0,0,0,0,14,16,8] : 196

Model: 4 value: -0.6300000000000001 error: 0.56 parent: 985
fruit-pods in {norm,diseased}
+--yes: leafspots-marg = w-s-marg
|       +--yes: date in {august,september,october}
|       |       +--yes: [0,0,0,0,9,0,15,22,14,2,16,0,2,94,78,0,0,0,0] : 252
|       |       +--no:  [0,0,0,0,4,0,15,110,16,2,0,0,28,4,13,0,0,0,0] : 192
|       +--no:  [30,30,0,0,51,30,0,0,0,26,14,64,0,0,0,15,0,0,0] : 260
+--no:  [0,0,30,128,0,0,0,0,0,0,0,0,0,0,0,0,14,16,8] : 196

Step:3
*********************************************
Model: 0 value: -0.5788888888888889 error: 0.4888888888888889 parent: 990
int-discolor = none
+--yes: leafspots-halo = no-yellow-halos
|       +--yes: date in {august,september,october}
|       |       +--yes: [0,0,0,0,0,0,7,22,11,0,16,0,2,94,78,0,0,0,0] : 230
|       |       +--no:  [0,0,0,0,0,0,7,110,4,6,0,0,28,4,13,0,0,0,0] : 172
|       +--no:  fruit-spots in {absent,brown-w/blk-specks}
|               +--yes: [0,0,0,0,0,30,16,0,15,24,11,64,0,0,0,15,0,0,0] : 175
|               +--no:  [30,0,30,128,0,0,0,0,0,0,3,0,0,0,0,0,0,0,0] : 191
+--no:  [0,30,0,0,64,0,0,0,0,0,0,0,0,0,0,0,14,16,8] : 132

Model: 1 value: -0.578888888888889 error: 0.4888888888888889 parent: 991
int-discolor = none
+--yes: leafspots-marg = w-s-marg
|       +--yes: date in {august,september,october}
|       |       +--yes: [0,0,0,0,0,0,15,22,14,2,16,0,2,94,78,0,0,0,0] : 243
|       |       +--no:  [0,0,0,0,0,0,15,110,16,2,0,0,28,4,13,0,0,0,0] : 188
|       +--no:  fruit-spots in {absent,brown-w/blk-specks}
|               +--yes: [0,0,0,0,0,30,0,0,0,26,11,64,0,0,0,15,0,0,0] : 146
|               +--no:  [30,0,30,128,0,0,0,0,0,0,3,0,0,0,0,0,0,0,0] : 191
+--no:  [0,30,0,0,64,0,0,0,0,0,0,0,0,0,0,0,14,16,8] : 132

Model: 2 value: -0.578888888888889 error: 0.4888888888888889 parent: 991
int-discolor = none
+--yes: leafspots-marg = w-s-marg
|       +--yes: date in {august,september,october}
|       |       +--yes: [0,0,0,0,0,0,15,22,14,2,16,0,2,94,78,0,0,0,0] : 243
|       |       +--no:  [0,0,0,0,0,0,15,110,16,2,0,0,28,4,13,0,0,0,0] : 188
|       +--no:  fruit-pods in {norm,diseased}
|               +--yes: [30,0,0,0,0,30,0,0,0,26,14,64,0,0,0,15,0,0,0] : 179
|               +--no:  [0,0,30,128,0,0,0,0,0,0,0,0,0,0,0,0,0,0,0] : 158
+--no:  [0,30,0,0,64,0,0,0,0,0,0,0,0,0,0,0,14,16,8] : 132

Model: 3 value: -0.578888888888889 error: 0.4888888888888889 parent: 990
int-discolor = none
+--yes: leafspots-halo = no-yellow-halos
|       +--yes: date in {august,september,october}
|       |       +--yes: [0,0,0,0,0,0,7,22,11,0,16,0,2,94,78,0,0,0,0] : 230
|       |       +--no:  [0,0,0,0,0,0,7,110,4,6,0,0,28,4,13,0,0,0,0] : 172
|       +--no:  fruit-pods in {norm,diseased}
|               +--yes: [30,0,0,0,0,30,16,0,15,24,14,64,0,0,0,15,0,0,0] : 208
|               +--no:  [0,0,30,128,0,0,0,0,0,0,0,0,0,0,0,0,0,0,0] : 158
+--no:  [0,30,0,0,64,0,0,0,0,0,0,0,0,0,0,0,14,16,8] : 132

Model: 4 value: -0.578888888888889 error: 0.4888888888888889 parent: 980
int-discolor = none
+--yes: leafspot-size = gt-1/8
|       +--yes: date in {august,september,october}
|       |       +--yes: [0,0,0,0,0,0,15,22,0,0,0,0,2,94,78,0,0,0,0] : 211
|       |       +--no:  [0,0,0,0,0,0,15,110,0,0,0,0,28,4,13,0,0,0,0] : 170
|       +--no:  fruit-spots in {absent,brown-w/blk-specks}
|               +--yes: [0,0,0,0,0,30,0,0,30,30,15,64,0,0,0,15,0,0,0] : 184
|               +--no:  [30,0,30,128,0,0,0,0,0,0,15,0,0,0,0,0,0,0,0] : 203
+--no:  [0,30,0,0,64,0,0,0,0,0,0,0,0,0,0,0,14,16,8] : 132

Step:4
*********************************************
Model: 0 value: -0.5322222222222222 error: 0.4222222222222222 parent: 985
int-discolor = none
+--yes: leafspots-halo = no-yellow-halos
|       +--yes: date in {august,september,october}
|       |       +--yes: stem-cankers = absent
|       |       |       +--yes: [0,0,0,0,0,0,7,5,11,0,16,0,2,94,18,0,0,0,0] : 153
|       |       |       +--no:  [0,0,0,0,0,0,0,17,0,0,0,0,0,0,60,0,0,0,0] : 77
|       |       +--no:  [0,0,0,0,0,0,7,110,4,6,0,0,28,4,13,0,0,0,0] : 172
|       +--no:  fruit-spots in {absent,brown-w/blk-specks}
|               +--yes: [0,0,0,0,0,30,16,0,15,24,11,64,0,0,0,15,0,0,0] : 175
|               +--no:  [30,0,30,128,0,0,0,0,0,0,3,0,0,0,0,0,0,0,0] : 191
+--no:  [0,30,0,0,64,0,0,0,0,0,0,0,0,0,0,0,14,16,8] : 132

Model: 1 value: -0.5322222222222222 error: 0.4222222222222222 parent: 977
int-discolor = none
+--yes: leafspot-size = gt-1/8
|       +--yes: date in {august,september,october}
|       |       +--yes: stem-cankers = absent
|       |       |       +--yes: [0,0,0,0,0,0,15,5,0,0,0,0,2,94,18,0,0,0,0] : 134
|       |       |       +--no:  [0,0,0,0,0,0,0,17,0,0,0,0,0,0,60,0,0,0,0] : 77
|       |       +--no:  [0,0,0,0,0,0,15,110,0,0,0,0,28,4,13,0,0,0,0] : 170
|       +--no:  fruit-spots in {absent,brown-w/blk-specks}
|               +--yes: [0,0,0,0,0,30,0,0,30,30,15,64,0,0,0,15,0,0,0] : 184
|               +--no:  [30,0,30,128,0,0,0,0,0,0,15,0,0,0,0,0,0,0,0] : 203
+--no:  [0,30,0,0,64,0,0,0,0,0,0,0,0,0,0,0,14,16,8] : 132

Model: 2 value: -0.5322222222222222 error: 0.4222222222222222 parent: 977
int-discolor = none
+--yes: leafspot-size = gt-1/8
|       +--yes: date in {august,september,october}
|       |       +--yes: stem-cankers = absent
|       |       |       +--yes: [0,0,0,0,0,0,15,5,0,0,0,0,2,94,18,0,0,0,0] : 134
|       |       |       +--no:  [0,0,0,0,0,0,0,17,0,0,0,0,0,0,60,0,0,0,0] : 77
|       |       +--no:  [0,0,0,0,0,0,15,110,0,0,0,0,28,4,13,0,0,0,0] : 170
|       +--no:  fruit-pods in {norm,diseased}
|               +--yes: [30,0,0,0,0,30,0,0,30,30,30,64,0,0,0,15,0,0,0] : 229
|               +--no:  [0,0,30,128,0,0,0,0,0,0,0,0,0,0,0,0,0,0,0] : 158
+--no:  [0,30,0,0,64,0,0,0,0,0,0,0,0,0,0,0,14,16,8] : 132

Model: 3 value: -0.5322222222222223 error: 0.4222222222222222 parent: 985
int-discolor = none
+--yes: leafspots-halo = no-yellow-halos
|       +--yes: date in {august,september,october}
|       |       +--yes: stem-cankers = absent
|       |       |       +--yes: [0,0,0,0,0,0,7,5,11,0,16,0,2,94,18,0,0,0,0] : 153
|       |       |       +--no:  [0,0,0,0,0,0,0,17,0,0,0,0,0,0,60,0,0,0,0] : 77
|       |       +--no:  [0,0,0,0,0,0,7,110,4,6,0,0,28,4,13,0,0,0,0] : 172
|       +--no:  fruit-pods in {norm,diseased}
|               +--yes: [30,0,0,0,0,30,16,0,15,24,14,64,0,0,0,15,0,0,0] : 208
|               +--no:  [0,0,30,128,0,0,0,0,0,0,0,0,0,0,0,0,0,0,0] : 158
+--no:  [0,30,0,0,64,0,0,0,0,0,0,0,0,0,0,0,14,16,8] : 132

Model: 4 value: -0.5322222222222223 error: 0.4222222222222222 parent: 981
int-discolor = none
+--yes: leafspots-marg = w-s-marg
|       +--yes: date in {august,september,october}
|       |       +--yes: stem-cankers = absent
|       |       |       +--yes: [0,0,0,0,0,0,15,5,14,2,16,0,2,94,18,0,0,0,0] : 166
|       |       |       +--no:  [0,0,0,0,0,0,0,17,0,0,0,0,0,0,60,0,0,0,0] : 77
|       |       +--no:  [0,0,0,0,0,0,15,110,16,2,0,0,28,4,13,0,0,0,0] : 188
|       +--no:  fruit-spots in {absent,brown-w/blk-specks}
|               +--yes: [0,0,0,0,0,30,0,0,0,26,11,64,0,0,0,15,0,0,0] : 146
|               +--no:  [30,0,30,128,0,0,0,0,0,0,3,0,0,0,0,0,0,0,0] : 191
+--no:  [0,30,0,0,64,0,0,0,0,0,0,0,0,0,0,0,14,16,8] : 132

Step:5
*********************************************
Model: 0 value: -0.5188888888888888 error: 0.3888888888888889 parent: 999
int-discolor = none
+--yes: leafspots-halo = no-yellow-halos
|       +--yes: date in {august,september,october}
|       |       +--yes: stem-cankers = absent
|       |       |       +--yes: [0,0,0,0,0,0,7,5,11,0,16,0,2,94,18,0,0,0,0] : 153
|       |       |       +--no:  [0,0,0,0,0,0,0,17,0,0,0,0,0,0,60,0,0,0,0] : 77
|       |       +--no:  [0,0,0,0,0,0,7,110,4,6,0,0,28,4,13,0,0,0,0] : 172
|       +--no:  fruit-spots in {absent,brown-w/blk-specks}
|               +--yes: [0,0,0,0,0,30,16,0,15,24,11,64,0,0,0,15,0,0,0] : 175
|               +--no:  [30,0,30,128,0,0,0,0,0,0,3,0,0,0,0,0,0,0,0] : 191
+--no:  sclerotia = absent
        +--yes: [0,0,0,0,64,0,0,0,0,0,0,0,0,0,0,0,0,0,0] : 64
        +--no:  [0,30,0,0,0,0,0,0,0,0,0,0,0,0,0,0,14,16,8] : 68

Model: 1 value: -0.5188888888888888 error: 0.3888888888888889 parent: 999
int-discolor = none
+--yes: leafspots-halo = no-yellow-halos
|       +--yes: date in {august,september,october}
|       |       +--yes: stem-cankers = absent
|       |       |       +--yes: [0,0,0,0,0,0,7,5,11,0,16,0,2,94,18,0,0,0,0] : 153
|       |       |       +--no:  [0,0,0,0,0,0,0,17,0,0,0,0,0,0,60,0,0,0,0] : 77
|       |       +--no:  [0,0,0,0,0,0,7,110,4,6,0,0,28,4,13,0,0,0,0] : 172
|       +--no:  fruit-spots in {absent,brown-w/blk-specks}
|               +--yes: [0,0,0,0,0,30,16,0,15,24,11,64,0,0,0,15,0,0,0] : 175
|               +--no:  [30,0,30,128,0,0,0,0,0,0,3,0,0,0,0,0,0,0,0] : 191
+--no:  int-discolor = brown
        +--yes: [0,0,0,0,64,0,0,0,0,0,0,0,0,0,0,0,0,0,0] : 64
        +--no:  [0,30,0,0,0,0,0,0,0,0,0,0,0,0,0,0,14,16,8] : 68

Model: 2 value: -0.5188888888888888 error: 0.3888888888888889 parent: 998
int-discolor = none
+--yes: leafspot-size = gt-1/8
|       +--yes: date in {august,september,october}
|       |       +--yes: stem-cankers = absent
|       |       |       +--yes: [0,0,0,0,0,0,15,5,0,0,0,0,2,94,18,0,0,0,0] : 134
|       |       |       +--no:  [0,0,0,0,0,0,0,17,0,0,0,0,0,0,60,0,0,0,0] : 77
|       |       +--no:  [0,0,0,0,0,0,15,110,0,0,0,0,28,4,13,0,0,0,0] : 170
|       +--no:  fruit-spots in {absent,brown-w/blk-specks}
|               +--yes: [0,0,0,0,0,30,0,0,30,30,15,64,0,0,0,15,0,0,0] : 184
|               +--no:  [30,0,30,128,0,0,0,0,0,0,15,0,0,0,0,0,0,0,0] : 203
+--no:  sclerotia = absent
        +--yes: [0,0,0,0,64,0,0,0,0,0,0,0,0,0,0,0,0,0,0] : 64
        +--no:  [0,30,0,0,0,0,0,0,0,0,0,0,0,0,0,0,14,16,8] : 68

Model: 3 value: -0.5188888888888888 error: 0.3888888888888889 parent: 998
int-discolor = none
+--yes: leafspot-size = gt-1/8
|       +--yes: date in {august,september,october}
|       |       +--yes: stem-cankers = absent
|       |       |       +--yes: [0,0,0,0,0,0,15,5,0,0,0,0,2,94,18,0,0,0,0] : 134
|       |       |       +--no:  [0,0,0,0,0,0,0,17,0,0,0,0,0,0,60,0,0,0,0] : 77
|       |       +--no:  [0,0,0,0,0,0,15,110,0,0,0,0,28,4,13,0,0,0,0] : 170
|       +--no:  fruit-spots in {absent,brown-w/blk-specks}
|               +--yes: [0,0,0,0,0,30,0,0,30,30,15,64,0,0,0,15,0,0,0] : 184
|               +--no:  [30,0,30,128,0,0,0,0,0,0,15,0,0,0,0,0,0,0,0] : 203
+--no:  int-discolor = brown
        +--yes: [0,0,0,0,64,0,0,0,0,0,0,0,0,0,0,0,0,0,0] : 64
        +--no:  [0,30,0,0,0,0,0,0,0,0,0,0,0,0,0,0,14,16,8] : 68

Model: 4 value: -0.5188888888888888 error: 0.3888888888888889 parent: 997
int-discolor = none
+--yes: leafspot-size = gt-1/8
|       +--yes: date in {august,september,october}
|       |       +--yes: stem-cankers = absent
|       |       |       +--yes: [0,0,0,0,0,0,15,5,0,0,0,0,2,94,18,0,0,0,0] : 134
|       |       |       +--no:  [0,0,0,0,0,0,0,17,0,0,0,0,0,0,60,0,0,0,0] : 77
|       |       +--no:  [0,0,0,0,0,0,15,110,0,0,0,0,28,4,13,0,0,0,0] : 170
|       +--no:  fruit-pods in {norm,diseased}
|               +--yes: [30,0,0,0,0,30,0,0,30,30,30,64,0,0,0,15,0,0,0] : 229
|               +--no:  [0,0,30,128,0,0,0,0,0,0,0,0,0,0,0,0,0,0,0] : 158
+--no:  sclerotia = absent
        +--yes: [0,0,0,0,64,0,0,0,0,0,0,0,0,0,0,0,0,0,0] : 64
        +--no:  [0,30,0,0,0,0,0,0,0,0,0,0,0,0,0,0,14,16,8] : 68

Step:6
*********************************************
Model: 0 value: -0.5055555555555555 error: 0.35555555555555557 parent: 993
int-discolor = none
+--yes: leafspots-halo = no-yellow-halos
|       +--yes: date in {august,september,october}
|       |       +--yes: stem-cankers = absent
|       |       |       +--yes: [0,0,0,0,0,0,7,5,11,0,16,0,2,94,18,0,0,0,0] : 153
|       |       |       +--no:  [0,0,0,0,0,0,0,17,0,0,0,0,0,0,60,0,0,0,0] : 77
|       |       +--no:  [0,0,0,0,0,0,7,110,4,6,0,0,28,4,13,0,0,0,0] : 172
|       +--no:  fruit-spots in {absent,brown-w/blk-specks}
|               +--yes: [0,0,0,0,0,30,16,0,15,24,11,64,0,0,0,15,0,0,0] : 175
|               +--no:  fruit-pods = norm
|                       +--yes: [30,0,0,0,0,0,0,0,0,0,0,0,0,0,0,0,0,0,0] : 30
|                       +--no:  [0,0,30,128,0,0,0,0,0,0,3,0,0,0,0,0,0,0,0] : 161
+--no:  sclerotia = absent
        +--yes: [0,0,0,0,64,0,0,0,0,0,0,0,0,0,0,0,0,0,0] : 64
        +--no:  [0,30,0,0,0,0,0,0,0,0,0,0,0,0,0,0,14,16,8] : 68

Model: 1 value: -0.5055555555555555 error: 0.35555555555555557 parent: 993
int-discolor = none
+--yes: leafspots-halo = no-yellow-halos
|       +--yes: date in {august,september,october}
|       |       +--yes: stem-cankers = absent
|       |       |       +--yes: [0,0,0,0,0,0,7,5,11,0,16,0,2,94,18,0,0,0,0] : 153
|       |       |       +--no:  [0,0,0,0,0,0,0,17,0,0,0,0,0,0,60,0,0,0,0] : 77
|       |       +--no:  [0,0,0,0,0,0,7,110,4,6,0,0,28,4,13,0,0,0,0] : 172
|       +--no:  fruit-spots in {absent,brown-w/blk-specks}
|               +--yes: [0,0,0,0,0,30,16,0,15,24,11,64,0,0,0,15,0,0,0] : 175
|               +--no:  fruit-pods = norm
|                       +--yes: [30,0,0,0,0,0,0,0,0,0,0,0,0,0,0,0,0,0,0] : 30
|                       +--no:  [0,0,30,128,0,0,0,0,0,0,3,0,0,0,0,0,0,0,0] : 161
+--no:  int-discolor = brown
        +--yes: [0,0,0,0,64,0,0,0,0,0,0,0,0,0,0,0,0,0,0] : 64
        +--no:  [0,30,0,0,0,0,0,0,0,0,0,0,0,0,0,0,14,16,8] : 68

Model: 2 value: -0.5055555555555555 error: 0.35555555555555557 parent: 993
int-discolor = none
+--yes: leafspots-halo = no-yellow-halos
|       +--yes: date in {august,september,october}
|       |       +--yes: stem-cankers = absent
|       |       |       +--yes: [0,0,0,0,0,0,7,5,11,0,16,0,2,94,18,0,0,0,0] : 153
|       |       |       +--no:  [0,0,0,0,0,0,0,17,0,0,0,0,0,0,60,0,0,0,0] : 77
|       |       +--no:  [0,0,0,0,0,0,7,110,4,6,0,0,28,4,13,0,0,0,0] : 172
|       +--no:  fruit-spots in {absent,brown-w/blk-specks}
|               +--yes: [0,0,0,0,0,30,16,0,15,24,11,64,0,0,0,15,0,0,0] : 175
|               +--no:  fruit-pods = norm
|                       +--yes: [30,0,0,0,0,0,0,0,0,0,0,0,0,0,0,0,0,0,0] : 30
|                       +--no:  canker-lesion = brown
|                               +--yes: [0,0,30,0,0,0,0,0,0,0,0,0,0,0,0,0,0,0,0] : 30
|                               +--no:  [0,0,0,128,0,0,0,0,0,0,3,0,0,0,0,0,0,0,0] : 131
+--no:  [0,30,0,0,64,0,0,0,0,0,0,0,0,0,0,0,14,16,8] : 132

Model: 3 value: -0.5055555555555555 error: 0.35555555555555557 parent: 992
int-discolor = none
+--yes: leafspots-halo = no-yellow-halos
|       +--yes: date in {august,september,october}
|       |       +--yes: stem-cankers = absent
|       |       |       +--yes: [0,0,0,0,0,0,7,5,11,0,16,0,2,94,18,0,0,0,0] : 153
|       |       |       +--no:  [0,0,0,0,0,0,0,17,0,0,0,0,0,0,60,0,0,0,0] : 77
|       |       +--no:  [0,0,0,0,0,0,7,110,4,6,0,0,28,4,13,0,0,0,0] : 172
|       +--no:  fruit-spots in {absent,brown-w/blk-specks}
|               +--yes: [0,0,0,0,0,30,16,0,15,24,11,64,0,0,0,15,0,0,0] : 175
|               +--no:  fruiting-bodies = present
|                       +--yes: [30,0,0,0,0,0,0,0,0,0,0,0,0,0,0,0,0,0,0] : 30
|                       +--no:  [0,0,30,128,0,0,0,0,0,0,3,0,0,0,0,0,0,0,0] : 161
+--no:  sclerotia = absent
        +--yes: [0,0,0,0,64,0,0,0,0,0,0,0,0,0,0,0,0,0,0] : 64
        +--no:  [0,30,0,0,0,0,0,0,0,0,0,0,0,0,0,0,14,16,8] : 68

Model: 4 value: -0.5055555555555555 error: 0.35555555555555557 parent: 992
int-discolor = none
+--yes: leafspots-halo = no-yellow-halos
|       +--yes: date in {august,september,october}
|       |       +--yes: stem-cankers = absent
|       |       |       +--yes: [0,0,0,0,0,0,7,5,11,0,16,0,2,94,18,0,0,0,0] : 153
|       |       |       +--no:  [0,0,0,0,0,0,0,17,0,0,0,0,0,0,60,0,0,0,0] : 77
|       |       +--no:  [0,0,0,0,0,0,7,110,4,6,0,0,28,4,13,0,0,0,0] : 172
|       +--no:  fruit-spots in {absent,brown-w/blk-specks}
|               +--yes: [0,0,0,0,0,30,16,0,15,24,11,64,0,0,0,15,0,0,0] : 175
|               +--no:  fruiting-bodies = present
|                       +--yes: [30,0,0,0,0,0,0,0,0,0,0,0,0,0,0,0,0,0,0] : 30
|                       +--no:  [0,0,30,128,0,0,0,0,0,0,3,0,0,0,0,0,0,0,0] : 161
+--no:  int-discolor = brown
        +--yes: [0,0,0,0,64,0,0,0,0,0,0,0,0,0,0,0,0,0,0] : 64
        +--no:  [0,30,0,0,0,0,0,0,0,0,0,0,0,0,0,0,14,16,8] : 68

Step:7
*********************************************
Model: 0 value: -0.4922222222222222 error: 0.32222222222222224 parent: 981
int-discolor = none
+--yes: leafspots-halo = no-yellow-halos
|       +--yes: date in {august,september,october}
|       |       +--yes: stem-cankers = absent
|       |       |       +--yes: [0,0,0,0,0,0,7,5,11,0,16,0,2,94,18,0,0,0,0] : 153
|       |       |       +--no:  [0,0,0,0,0,0,0,17,0,0,0,0,0,0,60,0,0,0,0] : 77
|       |       +--no:  [0,0,0,0,0,0,7,110,4,6,0,0,28,4,13,0,0,0,0] : 172
|       +--no:  fruit-spots in {absent,brown-w/blk-specks}
|               +--yes: stem-cankers = absent
|               |       +--yes: [0,0,0,0,0,30,16,0,15,24,11,0,0,0,0,15,0,0,0] : 111
|               |       +--no:  [0,0,0,0,0,0,0,0,0,0,0,64,0,0,0,0,0,0,0] : 64
|               +--no:  fruit-pods = norm
|                       +--yes: [30,0,0,0,0,0,0,0,0,0,0,0,0,0,0,0,0,0,0] : 30
|                       +--no:  canker-lesion = brown
|                               +--yes: [0,0,30,0,0,0,0,0,0,0,0,0,0,0,0,0,0,0,0] : 30
|                               +--no:  [0,0,0,128,0,0,0,0,0,0,3,0,0,0,0,0,0,0,0] : 131
+--no:  [0,30,0,0,64,0,0,0,0,0,0,0,0,0,0,0,14,16,8] : 132

Model: 1 value: -0.4922222222222222 error: 0.32222222222222224 parent: 980
int-discolor = none
+--yes: leafspots-halo = no-yellow-halos
|       +--yes: date in {august,september,october}
|       |       +--yes: stem-cankers = absent
|       |       |       +--yes: [0,0,0,0,0,0,7,5,11,0,16,0,2,94,18,0,0,0,0] : 153
|       |       |       +--no:  [0,0,0,0,0,0,0,17,0,0,0,0,0,0,60,0,0,0,0] : 77
|       |       +--no:  [0,0,0,0,0,0,7,110,4,6,0,0,28,4,13,0,0,0,0] : 172
|       +--no:  fruit-spots in {absent,brown-w/blk-specks}
|               +--yes: stem-cankers = absent
|               |       +--yes: [0,0,0,0,0,30,16,0,15,24,11,0,0,0,0,15,0,0,0] : 111
|               |       +--no:  [0,0,0,0,0,0,0,0,0,0,0,64,0,0,0,0,0,0,0] : 64
|               +--no:  fruiting-bodies = present
|                       +--yes: [30,0,0,0,0,0,0,0,0,0,0,0,0,0,0,0,0,0,0] : 30
|                       +--no:  canker-lesion = brown
|                               +--yes: [0,0,30,0,0,0,0,0,0,0,0,0,0,0,0,0,0,0,0] : 30
|                               +--no:  [0,0,0,128,0,0,0,0,0,0,3,0,0,0,0,0,0,0,0] : 131
+--no:  [0,30,0,0,64,0,0,0,0,0,0,0,0,0,0,0,14,16,8] : 132

Model: 2 value: -0.4922222222222222 error: 0.32222222222222224 parent: 975
int-discolor = none
+--yes: leafspots-halo = no-yellow-halos
|       +--yes: date in {august,september,october}
|       |       +--yes: stem-cankers = absent
|       |       |       +--yes: [0,0,0,0,0,0,7,5,11,0,16,0,2,94,18,0,0,0,0] : 153
|       |       |       +--no:  [0,0,0,0,0,0,0,17,0,0,0,0,0,0,60,0,0,0,0] : 77
|       |       +--no:  [0,0,0,0,0,0,7,110,4,6,0,0,28,4,13,0,0,0,0] : 172
|       +--no:  fruit-spots in {absent,brown-w/blk-specks}
|               +--yes: stem = norm
|               |       +--yes: [0,0,0,0,0,30,16,0,15,24,9,0,0,0,0,0,0,0,0] : 94
|               |       +--no:  [0,0,0,0,0,0,0,0,0,0,2,64,0,0,0,15,0,0,0] : 81
|               +--no:  fruit-pods = norm
|                       +--yes: [30,0,0,0,0,0,0,0,0,0,0,0,0,0,0,0,0,0,0] : 30
|                       +--no:  canker-lesion = brown
|                               +--yes: [0,0,30,0,0,0,0,0,0,0,0,0,0,0,0,0,0,0,0] : 30
|                               +--no:  [0,0,0,128,0,0,0,0,0,0,3,0,0,0,0,0,0,0,0] : 131
+--no:  [0,30,0,0,64,0,0,0,0,0,0,0,0,0,0,0,14,16,8] : 132

Model: 3 value: -0.4922222222222222 error: 0.32222222222222224 parent: 974
int-discolor = none
+--yes: leafspots-halo = no-yellow-halos
|       +--yes: date in {august,september,october}
|       |       +--yes: stem-cankers = absent
|       |       |       +--yes: [0,0,0,0,0,0,7,5,11,0,16,0,2,94,18,0,0,0,0] : 153
|       |       |       +--no:  [0,0,0,0,0,0,0,17,0,0,0,0,0,0,60,0,0,0,0] : 77
|       |       +--no:  [0,0,0,0,0,0,7,110,4,6,0,0,28,4,13,0,0,0,0] : 172
|       +--no:  fruit-spots in {absent,brown-w/blk-specks}
|               +--yes: stem = norm
|               |       +--yes: [0,0,0,0,0,30,16,0,15,24,9,0,0,0,0,0,0,0,0] : 94
|               |       +--no:  [0,0,0,0,0,0,0,0,0,0,2,64,0,0,0,15,0,0,0] : 81
|               +--no:  fruiting-bodies = present
|                       +--yes: [30,0,0,0,0,0,0,0,0,0,0,0,0,0,0,0,0,0,0] : 30
|                       +--no:  canker-lesion = brown
|                               +--yes: [0,0,30,0,0,0,0,0,0,0,0,0,0,0,0,0,0,0,0] : 30
|                               +--no:  [0,0,0,128,0,0,0,0,0,0,3,0,0,0,0,0,0,0,0] : 131
+--no:  [0,30,0,0,64,0,0,0,0,0,0,0,0,0,0,0,14,16,8] : 132

Model: 4 value: -0.4922222222222222 error: 0.32222222222222224 parent: 969
int-discolor = none
+--yes: leafspots-halo = no-yellow-halos
|       +--yes: date in {august,september,october}
|       |       +--yes: stem-cankers = absent
|       |       |       +--yes: [0,0,0,0,0,0,7,5,11,0,16,0,2,94,18,0,0,0,0] : 153
|       |       |       +--no:  [0,0,0,0,0,0,0,17,0,0,0,0,0,0,60,0,0,0,0] : 77
|       |       +--no:  [0,0,0,0,0,0,7,110,4,6,0,0,28,4,13,0,0,0,0] : 172
|       +--no:  fruit-spots in {absent,brown-w/blk-specks}
|               +--yes: leaf-mild = absent
|               |       +--yes: [0,0,0,0,0,0,0,0,15,24,11,64,0,0,0,0,0,0,0] : 114
|               |       +--no:  [0,0,0,0,0,30,16,0,0,0,0,0,0,0,0,15,0,0,0] : 61
|               +--no:  fruit-pods = norm
|                       +--yes: [30,0,0,0,0,0,0,0,0,0,0,0,0,0,0,0,0,0,0] : 30
|                       +--no:  canker-lesion = brown
|                               +--yes: [0,0,30,0,0,0,0,0,0,0,0,0,0,0,0,0,0,0,0] : 30
|                               +--no:  [0,0,0,128,0,0,0,0,0,0,3,0,0,0,0,0,0,0,0] : 131
+--no:  [0,30,0,0,64,0,0,0,0,0,0,0,0,0,0,0,14,16,8] : 132

Step:8
*********************************************
Model: 0 value: -0.47888888888888886 error: 0.28888888888888886 parent: 989
int-discolor = none
+--yes: leafspot-size = gt-1/8
|       +--yes: date in {august,september,october}
|       |       +--yes: stem-cankers = absent
|       |       |       +--yes: [0,0,0,0,0,0,15,5,0,0,0,0,2,94,18,0,0,0,0] : 134
|       |       |       +--no:  [0,0,0,0,0,0,0,17,0,0,0,0,0,0,60,0,0,0,0] : 77
|       |       +--no:  [0,0,0,0,0,0,15,110,0,0,0,0,28,4,13,0,0,0,0] : 170
|       +--no:  fruit-spots in {absent,brown-w/blk-specks}
|               +--yes: canker-lesion = dna
|               |       +--yes: leaf-mild = absent
|               |       |       +--yes: [0,0,0,0,0,0,0,0,30,30,0,0,0,0,0,0,0,0,0] : 60
|               |       |       +--no:  [0,0,0,0,0,30,0,0,0,0,0,0,0,0,0,15,0,0,0] : 45
|               |       +--no:  [0,0,0,0,0,0,0,0,0,0,15,64,0,0,0,0,0,0,0] : 79
|               +--no:  fruit-pods = norm
|                       +--yes: [30,0,0,0,0,0,0,0,0,0,0,0,0,0,0,0,0,0,0] : 30
|                       +--no:  canker-lesion = brown
|                               +--yes: [0,0,30,0,0,0,0,0,0,0,0,0,0,0,0,0,0,0,0] : 30
|                               +--no:  [0,0,0,128,0,0,0,0,0,0,15,0,0,0,0,0,0,0,0] : 143
+--no:  [0,30,0,0,64,0,0,0,0,0,0,0,0,0,0,0,14,16,8] : 132

Model: 1 value: -0.47888888888888886 error: 0.28888888888888886 parent: 988
int-discolor = none
+--yes: leafspot-size = gt-1/8
|       +--yes: date in {august,september,october}
|       |       +--yes: stem-cankers = absent
|       |       |       +--yes: [0,0,0,0,0,0,15,5,0,0,0,0,2,94,18,0,0,0,0] : 134
|       |       |       +--no:  [0,0,0,0,0,0,0,17,0,0,0,0,0,0,60,0,0,0,0] : 77
|       |       +--no:  [0,0,0,0,0,0,15,110,0,0,0,0,28,4,13,0,0,0,0] : 170
|       +--no:  fruit-spots in {absent,brown-w/blk-specks}
|               +--yes: canker-lesion = dna
|               |       +--yes: leaf-mild = absent
|               |       |       +--yes: [0,0,0,0,0,0,0,0,30,30,0,0,0,0,0,0,0,0,0] : 60
|               |       |       +--no:  [0,0,0,0,0,30,0,0,0,0,0,0,0,0,0,15,0,0,0] : 45
|               |       +--no:  [0,0,0,0,0,0,0,0,0,0,15,64,0,0,0,0,0,0,0] : 79
|               +--no:  fruiting-bodies = present
|                       +--yes: [30,0,0,0,0,0,0,0,0,0,0,0,0,0,0,0,0,0,0] : 30
|                       +--no:  canker-lesion = brown
|                               +--yes: [0,0,30,0,0,0,0,0,0,0,0,0,0,0,0,0,0,0,0] : 30
|                               +--no:  [0,0,0,128,0,0,0,0,0,0,15,0,0,0,0,0,0,0,0] : 143
+--no:  [0,30,0,0,64,0,0,0,0,0,0,0,0,0,0,0,14,16,8] : 132

Model: 2 value: -0.47888888888888886 error: 0.28888888888888886 parent: 983
int-discolor = none
+--yes: leafspot-size = gt-1/8
|       +--yes: date in {august,september,october}
|       |       +--yes: stem-cankers = absent
|       |       |       +--yes: [0,0,0,0,0,0,15,5,0,0,0,0,2,94,18,0,0,0,0] : 134
|       |       |       +--no:  [0,0,0,0,0,0,0,17,0,0,0,0,0,0,60,0,0,0,0] : 77
|       |       +--no:  [0,0,0,0,0,0,15,110,0,0,0,0,28,4,13,0,0,0,0] : 170
|       +--no:  fruit-spots in {absent,brown-w/blk-specks}
|               +--yes: canker-lesion = dna
|               |       +--yes: leafspot-size = lt-1/8
|               |       |       +--yes: [0,0,0,0,0,0,0,0,30,30,0,0,0,0,0,0,0,0,0] : 60
|               |       |       +--no:  [0,0,0,0,0,30,0,0,0,0,0,0,0,0,0,15,0,0,0] : 45
|               |       +--no:  [0,0,0,0,0,0,0,0,0,0,15,64,0,0,0,0,0,0,0] : 79
|               +--no:  fruit-pods = norm
|                       +--yes: [30,0,0,0,0,0,0,0,0,0,0,0,0,0,0,0,0,0,0] : 30
|                       +--no:  canker-lesion = brown
|                               +--yes: [0,0,30,0,0,0,0,0,0,0,0,0,0,0,0,0,0,0,0] : 30
|                               +--no:  [0,0,0,128,0,0,0,0,0,0,15,0,0,0,0,0,0,0,0] : 143
+--no:  [0,30,0,0,64,0,0,0,0,0,0,0,0,0,0,0,14,16,8] : 132

Model: 3 value: -0.47888888888888886 error: 0.28888888888888886 parent: 982
int-discolor = none
+--yes: leafspot-size = gt-1/8
|       +--yes: date in {august,september,october}
|       |       +--yes: stem-cankers = absent
|       |       |       +--yes: [0,0,0,0,0,0,15,5,0,0,0,0,2,94,18,0,0,0,0] : 134
|       |       |       +--no:  [0,0,0,0,0,0,0,17,0,0,0,0,0,0,60,0,0,0,0] : 77
|       |       +--no:  [0,0,0,0,0,0,15,110,0,0,0,0,28,4,13,0,0,0,0] : 170
|       +--no:  fruit-spots in {absent,brown-w/blk-specks}
|               +--yes: canker-lesion = dna
|               |       +--yes: leafspot-size = lt-1/8
|               |       |       +--yes: [0,0,0,0,0,0,0,0,30,30,0,0,0,0,0,0,0,0,0] : 60
|               |       |       +--no:  [0,0,0,0,0,30,0,0,0,0,0,0,0,0,0,15,0,0,0] : 45
|               |       +--no:  [0,0,0,0,0,0,0,0,0,0,15,64,0,0,0,0,0,0,0] : 79
|               +--no:  fruiting-bodies = present
|                       +--yes: [30,0,0,0,0,0,0,0,0,0,0,0,0,0,0,0,0,0,0] : 30
|                       +--no:  canker-lesion = brown
|                               +--yes: [0,0,30,0,0,0,0,0,0,0,0,0,0,0,0,0,0,0,0] : 30
|                               +--no:  [0,0,0,128,0,0,0,0,0,0,15,0,0,0,0,0,0,0,0] : 143
+--no:  [0,30,0,0,64,0,0,0,0,0,0,0,0,0,0,0,14,16,8] : 132

Model: 4 value: -0.47888888888888886 error: 0.28888888888888886 parent: 977
int-discolor = none
+--yes: leafspot-size = gt-1/8
|       +--yes: date in {august,september,october}
|       |       +--yes: stem-cankers = absent
|       |       |       +--yes: [0,0,0,0,0,0,15,5,0,0,0,0,2,94,18,0,0,0,0] : 134
|       |       |       +--no:  [0,0,0,0,0,0,0,17,0,0,0,0,0,0,60,0,0,0,0] : 77
|       |       +--no:  [0,0,0,0,0,0,15,110,0,0,0,0,28,4,13,0,0,0,0] : 170
|       +--no:  fruit-spots in {absent,brown-w/blk-specks}
|               +--yes: canker-lesion = dna
|               |       +--yes: leafspots-marg = w-s-marg
|               |       |       +--yes: [0,0,0,0,0,0,0,0,30,4,0,0,0,0,0,0,0,0,0] : 34
|               |       |       +--no:  [0,0,0,0,0,30,0,0,0,26,0,0,0,0,0,15,0,0,0] : 71
|               |       +--no:  [0,0,0,0,0,0,0,0,0,0,15,64,0,0,0,0,0,0,0] : 79
|               +--no:  fruit-pods = norm
|                       +--yes: [30,0,0,0,0,0,0,0,0,0,0,0,0,0,0,0,0,0,0] : 30
|                       +--no:  canker-lesion = brown
|                               +--yes: [0,0,30,0,0,0,0,0,0,0,0,0,0,0,0,0,0,0,0] : 30
|                               +--no:  [0,0,0,128,0,0,0,0,0,0,15,0,0,0,0,0,0,0,0] : 143
+--no:  [0,30,0,0,64,0,0,0,0,0,0,0,0,0,0,0,14,16,8] : 132

Step:9
*********************************************
Model: 0 value: -0.46555555555555556 error: 0.25555555555555554 parent: 921
int-discolor = none
+--yes: leafspot-size = gt-1/8
|       +--yes: date in {august,september,october}
|       |       +--yes: stem-cankers = absent
|       |       |       +--yes: [0,0,0,0,0,0,15,5,0,0,0,0,2,94,18,0,0,0,0] : 134
|       |       |       +--no:  [0,0,0,0,0,0,0,17,0,0,0,0,0,0,60,0,0,0,0] : 77
|       |       +--no:  [0,0,0,0,0,0,15,110,0,0,0,0,28,4,13,0,0,0,0] : 170
|       +--no:  fruit-pods in {norm,diseased}
|               +--yes: fruit-spots = dna
|               |       +--yes: [30,0,0,0,0,0,0,0,0,0,0,0,0,0,0,0,0,0,0] : 30
|               |       +--no:  stem-cankers = absent
|               |               +--yes: canker-lesion = dna
|               |               |       +--yes: leaf-mild = absent
|               |               |       |       +--yes: [0,0,0,0,0,0,0,0,30,30,0,0,0,0,0,0,0,0,0] : 60
|               |               |       |       +--no:  [0,0,0,0,0,30,0,0,0,0,0,0,0,0,0,15,0,0,0] : 45
|               |               |       +--no:  [0,0,0,0,0,0,0,0,0,0,30,0,0,0,0,0,0,0,0] : 30
|               |               +--no:  [0,0,0,0,0,0,0,0,0,0,0,64,0,0,0,0,0,0,0] : 64
|               +--no:  canker-lesion = brown
|                       +--yes: [0,0,30,0,0,0,0,0,0,0,0,0,0,0,0,0,0,0,0] : 30
|                       +--no:  [0,0,0,128,0,0,0,0,0,0,0,0,0,0,0,0,0,0,0] : 128
+--no:  [0,30,0,0,64,0,0,0,0,0,0,0,0,0,0,0,14,16,8] : 132

Model: 1 value: -0.46555555555555556 error: 0.25555555555555554 parent: 921
int-discolor = none
+--yes: leafspot-size = gt-1/8
|       +--yes: date in {august,september,october}
|       |       +--yes: stem-cankers = absent
|       |       |       +--yes: [0,0,0,0,0,0,15,5,0,0,0,0,2,94,18,0,0,0,0] : 134
|       |       |       +--no:  [0,0,0,0,0,0,0,17,0,0,0,0,0,0,60,0,0,0,0] : 77
|       |       +--no:  [0,0,0,0,0,0,15,110,0,0,0,0,28,4,13,0,0,0,0] : 170
|       +--no:  fruit-pods in {norm,diseased}
|               +--yes: fruit-spots = dna
|               |       +--yes: [30,0,0,0,0,0,0,0,0,0,0,0,0,0,0,0,0,0,0] : 30
|               |       +--no:  stem-cankers = absent
|               |               +--yes: canker-lesion = dna
|               |               |       +--yes: leafspot-size = lt-1/8
|               |               |       |       +--yes: [0,0,0,0,0,0,0,0,30,30,0,0,0,0,0,0,0,0,0] : 60
|               |               |       |       +--no:  [0,0,0,0,0,30,0,0,0,0,0,0,0,0,0,15,0,0,0] : 45
|               |               |       +--no:  [0,0,0,0,0,0,0,0,0,0,30,0,0,0,0,0,0,0,0] : 30
|               |               +--no:  [0,0,0,0,0,0,0,0,0,0,0,64,0,0,0,0,0,0,0] : 64
|               +--no:  canker-lesion = brown
|                       +--yes: [0,0,30,0,0,0,0,0,0,0,0,0,0,0,0,0,0,0,0] : 30
|                       +--no:  [0,0,0,128,0,0,0,0,0,0,0,0,0,0,0,0,0,0,0] : 128
+--no:  [0,30,0,0,64,0,0,0,0,0,0,0,0,0,0,0,14,16,8] : 132

Model: 2 value: -0.46555555555555556 error: 0.25555555555555554 parent: 921
int-discolor = none
+--yes: leafspot-size = gt-1/8
|       +--yes: date in {august,september,october}
|       |       +--yes: stem-cankers = absent
|       |       |       +--yes: [0,0,0,0,0,0,15,5,0,0,0,0,2,94,18,0,0,0,0] : 134
|       |       |       +--no:  [0,0,0,0,0,0,0,17,0,0,0,0,0,0,60,0,0,0,0] : 77
|       |       +--no:  [0,0,0,0,0,0,15,110,0,0,0,0,28,4,13,0,0,0,0] : 170
|       +--no:  fruit-pods in {norm,diseased}
|               +--yes: fruit-spots = dna
|               |       +--yes: [30,0,0,0,0,0,0,0,0,0,0,0,0,0,0,0,0,0,0] : 30
|               |       +--no:  stem-cankers = absent
|               |               +--yes: canker-lesion = dna
|               |               |       +--yes: leafspots-marg = w-s-marg
|               |               |       |       +--yes: [0,0,0,0,0,0,0,0,30,4,0,0,0,0,0,0,0,0,0] : 34
|               |               |       |       +--no:  [0,0,0,0,0,30,0,0,0,26,0,0,0,0,0,15,0,0,0] : 71
|               |               |       +--no:  [0,0,0,0,0,0,0,0,0,0,30,0,0,0,0,0,0,0,0] : 30
|               |               +--no:  [0,0,0,0,0,0,0,0,0,0,0,64,0,0,0,0,0,0,0] : 64
|               +--no:  canker-lesion = brown
|                       +--yes: [0,0,30,0,0,0,0,0,0,0,0,0,0,0,0,0,0,0,0] : 30
|                       +--no:  [0,0,0,128,0,0,0,0,0,0,0,0,0,0,0,0,0,0,0] : 128
+--no:  [0,30,0,0,64,0,0,0,0,0,0,0,0,0,0,0,14,16,8] : 132

Model: 3 value: -0.46555555555555556 error: 0.25555555555555554 parent: 921
int-discolor = none
+--yes: leafspot-size = gt-1/8
|       +--yes: date in {august,september,october}
|       |       +--yes: stem-cankers = absent
|       |       |       +--yes: [0,0,0,0,0,0,15,5,0,0,0,0,2,94,18,0,0,0,0] : 134
|       |       |       +--no:  [0,0,0,0,0,0,0,17,0,0,0,0,0,0,60,0,0,0,0] : 77
|       |       +--no:  [0,0,0,0,0,0,15,110,0,0,0,0,28,4,13,0,0,0,0] : 170
|       +--no:  fruit-pods in {norm,diseased}
|               +--yes: fruit-spots = dna
|               |       +--yes: [30,0,0,0,0,0,0,0,0,0,0,0,0,0,0,0,0,0,0] : 30
|               |       +--no:  stem-cankers = absent
|               |               +--yes: canker-lesion = dna
|               |               |       +--yes: leafspots-halo = absent
|               |               |       |       +--yes: [0,0,0,0,0,30,0,0,0,0,0,0,0,0,0,0,0,0,0] : 30
|               |               |       |       +--no:  [0,0,0,0,0,0,0,0,30,30,0,0,0,0,0,15,0,0,0] : 75
|               |               |       +--no:  [0,0,0,0,0,0,0,0,0,0,30,0,0,0,0,0,0,0,0] : 30
|               |               +--no:  [0,0,0,0,0,0,0,0,0,0,0,64,0,0,0,0,0,0,0] : 64
|               +--no:  canker-lesion = brown
|                       +--yes: [0,0,30,0,0,0,0,0,0,0,0,0,0,0,0,0,0,0,0] : 30
|                       +--no:  [0,0,0,128,0,0,0,0,0,0,0,0,0,0,0,0,0,0,0] : 128
+--no:  [0,30,0,0,64,0,0,0,0,0,0,0,0,0,0,0,14,16,8] : 132

Model: 4 value: -0.46555555555555556 error: 0.25555555555555554 parent: 884
int-discolor = none
+--yes: leafspot-size = gt-1/8
|       +--yes: date in {august,september,october}
|       |       +--yes: stem-cankers = absent
|       |       |       +--yes: [0,0,0,0,0,0,15,5,0,0,0,0,2,94,18,0,0,0,0] : 134
|       |       |       +--no:  [0,0,0,0,0,0,0,17,0,0,0,0,0,0,60,0,0,0,0] : 77
|       |       +--no:  [0,0,0,0,0,0,15,110,0,0,0,0,28,4,13,0,0,0,0] : 170
|       +--no:  fruit-pods in {norm,diseased}
|               +--yes: leaf-mild = absent
|               |       +--yes: fruit-spots = dna
|               |       |       +--yes: [30,0,0,0,0,0,0,0,0,0,0,0,0,0,0,0,0,0,0] : 30
|               |       |       +--no:  canker-lesion = dna
|               |       |               +--yes: [0,0,0,0,0,0,0,0,30,30,0,0,0,0,0,0,0,0,0] : 60
|               |       |               +--no:  canker-lesion = tan
|               |       |                       +--yes: [0,0,0,0,0,0,0,0,0,0,30,0,0,0,0,0,0,0,0] : 30
|               |       |                       +--no:  [0,0,0,0,0,0,0,0,0,0,0,64,0,0,0,0,0,0,0] : 64
|               |       +--no:  [0,0,0,0,0,30,0,0,0,0,0,0,0,0,0,15,0,0,0] : 45
|               +--no:  canker-lesion = brown
|                       +--yes: [0,0,30,0,0,0,0,0,0,0,0,0,0,0,0,0,0,0,0] : 30
|                       +--no:  [0,0,0,128,0,0,0,0,0,0,0,0,0,0,0,0,0,0,0] : 128
+--no:  [0,30,0,0,64,0,0,0,0,0,0,0,0,0,0,0,14,16,8] : 132

Step:10
*********************************************
Model: 0 value: -0.45222222222222225 error: 0.2222222222222222 parent: 792
int-discolor = none
+--yes: leafspot-size = gt-1/8
|       +--yes: date in {august,september,october}
|       |       +--yes: stem-cankers = absent
|       |       |       +--yes: [0,0,0,0,0,0,15,5,0,0,0,0,2,94,18,0,0,0,0] : 134
|       |       |       +--no:  [0,0,0,0,0,0,0,17,0,0,0,0,0,0,60,0,0,0,0] : 77
|       |       +--no:  [0,0,0,0,0,0,15,110,0,0,0,0,28,4,13,0,0,0,0] : 170
|       +--no:  fruit-pods in {norm,diseased}
|               +--yes: fruit-spots = dna
|               |       +--yes: [30,0,0,0,0,0,0,0,0,0,0,0,0,0,0,0,0,0,0] : 30
|               |       +--no:  stem-cankers = absent
|               |               +--yes: canker-lesion = dna
|               |               |       +--yes: leaf-mild = absent
|               |               |       |       +--yes: [0,0,0,0,0,0,0,0,30,30,0,0,0,0,0,0,0,0,0] : 60
|               |               |       |       +--no:  [0,0,0,0,0,30,0,0,0,0,0,0,0,0,0,15,0,0,0] : 45
|               |               |       +--no:  [0,0,0,0,0,0,0,0,0,0,30,0,0,0,0,0,0,0,0] : 30
|               |               +--no:  [0,0,0,0,0,0,0,0,0,0,0,64,0,0,0,0,0,0,0] : 64
|               +--no:  canker-lesion = brown
|                       +--yes: [0,0,30,0,0,0,0,0,0,0,0,0,0,0,0,0,0,0,0] : 30
|                       +--no:  [0,0,0,128,0,0,0,0,0,0,0,0,0,0,0,0,0,0,0] : 128
+--no:  sclerotia = absent
        +--yes: [0,0,0,0,64,0,0,0,0,0,0,0,0,0,0,0,0,0,0] : 64
        +--no:  [0,30,0,0,0,0,0,0,0,0,0,0,0,0,0,0,14,16,8] : 68

Model: 1 value: -0.45222222222222225 error: 0.2222222222222222 parent: 792
int-discolor = none
+--yes: leafspot-size = gt-1/8
|       +--yes: date in {august,september,october}
|       |       +--yes: stem-cankers = absent
|       |       |       +--yes: [0,0,0,0,0,0,15,5,0,0,0,0,2,94,18,0,0,0,0] : 134
|       |       |       +--no:  [0,0,0,0,0,0,0,17,0,0,0,0,0,0,60,0,0,0,0] : 77
|       |       +--no:  [0,0,0,0,0,0,15,110,0,0,0,0,28,4,13,0,0,0,0] : 170
|       +--no:  fruit-pods in {norm,diseased}
|               +--yes: fruit-spots = dna
|               |       +--yes: [30,0,0,0,0,0,0,0,0,0,0,0,0,0,0,0,0,0,0] : 30
|               |       +--no:  stem-cankers = absent
|               |               +--yes: canker-lesion = dna
|               |               |       +--yes: leafspot-size = lt-1/8
|               |               |       |       +--yes: [0,0,0,0,0,0,0,0,30,30,0,0,0,0,0,0,0,0,0] : 60
|               |               |       |       +--no:  [0,0,0,0,0,30,0,0,0,0,0,0,0,0,0,15,0,0,0] : 45
|               |               |       +--no:  [0,0,0,0,0,0,0,0,0,0,30,0,0,0,0,0,0,0,0] : 30
|               |               +--no:  [0,0,0,0,0,0,0,0,0,0,0,64,0,0,0,0,0,0,0] : 64
|               +--no:  canker-lesion = brown
|                       +--yes: [0,0,30,0,0,0,0,0,0,0,0,0,0,0,0,0,0,0,0] : 30
|                       +--no:  [0,0,0,128,0,0,0,0,0,0,0,0,0,0,0,0,0,0,0] : 128
+--no:  sclerotia = absent
        +--yes: [0,0,0,0,64,0,0,0,0,0,0,0,0,0,0,0,0,0,0] : 64
        +--no:  [0,30,0,0,0,0,0,0,0,0,0,0,0,0,0,0,14,16,8] : 68

Model: 2 value: -0.45222222222222225 error: 0.2222222222222222 parent: 792
int-discolor = none
+--yes: leafspot-size = gt-1/8
|       +--yes: date in {august,september,october}
|       |       +--yes: stem-cankers = absent
|       |       |       +--yes: [0,0,0,0,0,0,15,5,0,0,0,0,2,94,18,0,0,0,0] : 134
|       |       |       +--no:  [0,0,0,0,0,0,0,17,0,0,0,0,0,0,60,0,0,0,0] : 77
|       |       +--no:  [0,0,0,0,0,0,15,110,0,0,0,0,28,4,13,0,0,0,0] : 170
|       +--no:  fruit-pods in {norm,diseased}
|               +--yes: fruit-spots = dna
|               |       +--yes: [30,0,0,0,0,0,0,0,0,0,0,0,0,0,0,0,0,0,0] : 30
|               |       +--no:  stem-cankers = absent
|               |               +--yes: canker-lesion = dna
|               |               |       +--yes: leafspots-marg = w-s-marg
|               |               |       |       +--yes: [0,0,0,0,0,0,0,0,30,4,0,0,0,0,0,0,0,0,0] : 34
|               |               |       |       +--no:  [0,0,0,0,0,30,0,0,0,26,0,0,0,0,0,15,0,0,0] : 71
|               |               |       +--no:  [0,0,0,0,0,0,0,0,0,0,30,0,0,0,0,0,0,0,0] : 30
|               |               +--no:  [0,0,0,0,0,0,0,0,0,0,0,64,0,0,0,0,0,0,0] : 64
|               +--no:  canker-lesion = brown
|                       +--yes: [0,0,30,0,0,0,0,0,0,0,0,0,0,0,0,0,0,0,0] : 30
|                       +--no:  [0,0,0,128,0,0,0,0,0,0,0,0,0,0,0,0,0,0,0] : 128
+--no:  sclerotia = absent
        +--yes: [0,0,0,0,64,0,0,0,0,0,0,0,0,0,0,0,0,0,0] : 64
        +--no:  [0,30,0,0,0,0,0,0,0,0,0,0,0,0,0,0,14,16,8] : 68

Model: 3 value: -0.45222222222222225 error: 0.2222222222222222 parent: 792
int-discolor = none
+--yes: leafspot-size = gt-1/8
|       +--yes: date in {august,september,october}
|       |       +--yes: stem-cankers = absent
|       |       |       +--yes: [0,0,0,0,0,0,15,5,0,0,0,0,2,94,18,0,0,0,0] : 134
|       |       |       +--no:  [0,0,0,0,0,0,0,17,0,0,0,0,0,0,60,0,0,0,0] : 77
|       |       +--no:  [0,0,0,0,0,0,15,110,0,0,0,0,28,4,13,0,0,0,0] : 170
|       +--no:  fruit-pods in {norm,diseased}
|               +--yes: fruit-spots = dna
|               |       +--yes: [30,0,0,0,0,0,0,0,0,0,0,0,0,0,0,0,0,0,0] : 30
|               |       +--no:  stem-cankers = absent
|               |               +--yes: canker-lesion = dna
|               |               |       +--yes: leafspots-halo = absent
|               |               |       |       +--yes: [0,0,0,0,0,30,0,0,0,0,0,0,0,0,0,0,0,0,0] : 30
|               |               |       |       +--no:  [0,0,0,0,0,0,0,0,30,30,0,0,0,0,0,15,0,0,0] : 75
|               |               |       +--no:  [0,0,0,0,0,0,0,0,0,0,30,0,0,0,0,0,0,0,0] : 30
|               |               +--no:  [0,0,0,0,0,0,0,0,0,0,0,64,0,0,0,0,0,0,0] : 64
|               +--no:  canker-lesion = brown
|                       +--yes: [0,0,30,0,0,0,0,0,0,0,0,0,0,0,0,0,0,0,0] : 30
|                       +--no:  [0,0,0,128,0,0,0,0,0,0,0,0,0,0,0,0,0,0,0] : 128
+--no:  sclerotia = absent
        +--yes: [0,0,0,0,64,0,0,0,0,0,0,0,0,0,0,0,0,0,0] : 64
        +--no:  [0,30,0,0,0,0,0,0,0,0,0,0,0,0,0,0,14,16,8] : 68

Model: 4 value: -0.45222222222222225 error: 0.2222222222222222 parent: 791
int-discolor = none
+--yes: leafspot-size = gt-1/8
|       +--yes: date in {august,september,october}
|       |       +--yes: stem-cankers = absent
|       |       |       +--yes: [0,0,0,0,0,0,15,5,0,0,0,0,2,94,18,0,0,0,0] : 134
|       |       |       +--no:  [0,0,0,0,0,0,0,17,0,0,0,0,0,0,60,0,0,0,0] : 77
|       |       +--no:  [0,0,0,0,0,0,15,110,0,0,0,0,28,4,13,0,0,0,0] : 170
|       +--no:  fruit-pods in {norm,diseased}
|               +--yes: fruit-spots = dna
|               |       +--yes: [30,0,0,0,0,0,0,0,0,0,0,0,0,0,0,0,0,0,0] : 30
|               |       +--no:  stem-cankers = absent
|               |               +--yes: canker-lesion = dna
|               |               |       +--yes: leaf-mild = absent
|               |               |       |       +--yes: [0,0,0,0,0,0,0,0,30,30,0,0,0,0,0,0,0,0,0] : 60
|               |               |       |       +--no:  [0,0,0,0,0,30,0,0,0,0,0,0,0,0,0,15,0,0,0] : 45
|               |               |       +--no:  [0,0,0,0,0,0,0,0,0,0,30,0,0,0,0,0,0,0,0] : 30
|               |               +--no:  [0,0,0,0,0,0,0,0,0,0,0,64,0,0,0,0,0,0,0] : 64
|               +--no:  canker-lesion = brown
|                       +--yes: [0,0,30,0,0,0,0,0,0,0,0,0,0,0,0,0,0,0,0] : 30
|                       +--no:  [0,0,0,128,0,0,0,0,0,0,0,0,0,0,0,0,0,0,0] : 128
+--no:  int-discolor = brown
        +--yes: [0,0,0,0,64,0,0,0,0,0,0,0,0,0,0,0,0,0,0] : 64
        +--no:  [0,30,0,0,0,0,0,0,0,0,0,0,0,0,0,0,14,16,8] : 68

Step:11
*********************************************
Model: 0 value: -0.44333333333333336 error: 0.19333333333333333 parent: 515
int-discolor = none
+--yes: leafspot-size = gt-1/8
|       +--yes: date in {august,september,october}
|       |       +--yes: stem-cankers = absent
|       |       |       +--yes: [0,0,0,0,0,0,15,5,0,0,0,0,2,94,18,0,0,0,0] : 134
|       |       |       +--no:  [0,0,0,0,0,0,0,17,0,0,0,0,0,0,60,0,0,0,0] : 77
|       |       +--no:  [0,0,0,0,0,0,15,110,0,0,0,0,28,4,13,0,0,0,0] : 170
|       +--no:  fruit-pods in {norm,diseased}
|               +--yes: fruit-spots = dna
|               |       +--yes: [30,0,0,0,0,0,0,0,0,0,0,0,0,0,0,0,0,0,0] : 30
|               |       +--no:  stem-cankers = absent
|               |               +--yes: canker-lesion = dna
|               |               |       +--yes: leaf-mild = absent
|               |               |       |       +--yes: leafspots-marg = w-s-marg
|               |               |       |       |       +--yes: [0,0,0,0,0,0,0,0,30,4,0,0,0,0,0,0,0,0,0] : 34
|               |               |       |       |       +--no:  [0,0,0,0,0,0,0,0,0,26,0,0,0,0,0,0,0,0,0] : 26
|               |               |       |       +--no:  [0,0,0,0,0,30,0,0,0,0,0,0,0,0,0,15,0,0,0] : 45
|               |               |       +--no:  [0,0,0,0,0,0,0,0,0,0,30,0,0,0,0,0,0,0,0] : 30
|               |               +--no:  [0,0,0,0,0,0,0,0,0,0,0,64,0,0,0,0,0,0,0] : 64
|               +--no:  canker-lesion = brown
|                       +--yes: [0,0,30,0,0,0,0,0,0,0,0,0,0,0,0,0,0,0,0] : 30
|                       +--no:  [0,0,0,128,0,0,0,0,0,0,0,0,0,0,0,0,0,0,0] : 128
+--no:  sclerotia = absent
        +--yes: [0,0,0,0,64,0,0,0,0,0,0,0,0,0,0,0,0,0,0] : 64
        +--no:  [0,30,0,0,0,0,0,0,0,0,0,0,0,0,0,0,14,16,8] : 68

Model: 1 value: -0.44333333333333336 error: 0.19333333333333333 parent: 514
int-discolor = none
+--yes: leafspot-size = gt-1/8
|       +--yes: date in {august,september,october}
|       |       +--yes: stem-cankers = absent
|       |       |       +--yes: [0,0,0,0,0,0,15,5,0,0,0,0,2,94,18,0,0,0,0] : 134
|       |       |       +--no:  [0,0,0,0,0,0,0,17,0,0,0,0,0,0,60,0,0,0,0] : 77
|       |       +--no:  [0,0,0,0,0,0,15,110,0,0,0,0,28,4,13,0,0,0,0] : 170
|       +--no:  fruit-pods in {norm,diseased}
|               +--yes: fruit-spots = dna
|               |       +--yes: [30,0,0,0,0,0,0,0,0,0,0,0,0,0,0,0,0,0,0] : 30
|               |       +--no:  stem-cankers = absent
|               |               +--yes: canker-lesion = dna
|               |               |       +--yes: leafspot-size = lt-1/8
|               |               |       |       +--yes: leafspots-marg = w-s-marg
|               |               |       |       |       +--yes: [0,0,0,0,0,0,0,0,30,4,0,0,0,0,0,0,0,0,0] : 34
|               |               |       |       |       +--no:  [0,0,0,0,0,0,0,0,0,26,0,0,0,0,0,0,0,0,0] : 26
|               |               |       |       +--no:  [0,0,0,0,0,30,0,0,0,0,0,0,0,0,0,15,0,0,0] : 45
|               |               |       +--no:  [0,0,0,0,0,0,0,0,0,0,30,0,0,0,0,0,0,0,0] : 30
|               |               +--no:  [0,0,0,0,0,0,0,0,0,0,0,64,0,0,0,0,0,0,0] : 64
|               +--no:  canker-lesion = brown
|                       +--yes: [0,0,30,0,0,0,0,0,0,0,0,0,0,0,0,0,0,0,0] : 30
|                       +--no:  [0,0,0,128,0,0,0,0,0,0,0,0,0,0,0,0,0,0,0] : 128
+--no:  sclerotia = absent
        +--yes: [0,0,0,0,64,0,0,0,0,0,0,0,0,0,0,0,0,0,0] : 64
        +--no:  [0,30,0,0,0,0,0,0,0,0,0,0,0,0,0,0,14,16,8] : 68

Model: 2 value: -0.44333333333333336 error: 0.19333333333333333 parent: 513
int-discolor = none
+--yes: leafspot-size = gt-1/8
|       +--yes: date in {august,september,october}
|       |       +--yes: stem-cankers = absent
|       |       |       +--yes: [0,0,0,0,0,0,15,5,0,0,0,0,2,94,18,0,0,0,0] : 134
|       |       |       +--no:  [0,0,0,0,0,0,0,17,0,0,0,0,0,0,60,0,0,0,0] : 77
|       |       +--no:  [0,0,0,0,0,0,15,110,0,0,0,0,28,4,13,0,0,0,0] : 170
|       +--no:  fruit-pods in {norm,diseased}
|               +--yes: fruit-spots = dna
|               |       +--yes: [30,0,0,0,0,0,0,0,0,0,0,0,0,0,0,0,0,0,0] : 30
|               |       +--no:  stem-cankers = absent
|               |               +--yes: canker-lesion = dna
|               |               |       +--yes: leafspots-marg = w-s-marg
|               |               |       |       +--yes: [0,0,0,0,0,0,0,0,30,4,0,0,0,0,0,0,0,0,0] : 34
|               |               |       |       +--no:  leaf-mild = absent
|               |               |       |               +--yes: [0,0,0,0,0,0,0,0,0,26,0,0,0,0,0,0,0,0,0] : 26
|               |               |       |               +--no:  [0,0,0,0,0,30,0,0,0,0,0,0,0,0,0,15,0,0,0] : 45
|               |               |       +--no:  [0,0,0,0,0,0,0,0,0,0,30,0,0,0,0,0,0,0,0] : 30
|               |               +--no:  [0,0,0,0,0,0,0,0,0,0,0,64,0,0,0,0,0,0,0] : 64
|               +--no:  canker-lesion = brown
|                       +--yes: [0,0,30,0,0,0,0,0,0,0,0,0,0,0,0,0,0,0,0] : 30
|                       +--no:  [0,0,0,128,0,0,0,0,0,0,0,0,0,0,0,0,0,0,0] : 128
+--no:  sclerotia = absent
        +--yes: [0,0,0,0,64,0,0,0,0,0,0,0,0,0,0,0,0,0,0] : 64
        +--no:  [0,30,0,0,0,0,0,0,0,0,0,0,0,0,0,0,14,16,8] : 68

Model: 3 value: -0.44333333333333336 error: 0.19333333333333333 parent: 512
int-discolor = none
+--yes: leafspot-size = gt-1/8
|       +--yes: date in {august,september,october}
|       |       +--yes: stem-cankers = absent
|       |       |       +--yes: [0,0,0,0,0,0,15,5,0,0,0,0,2,94,18,0,0,0,0] : 134
|       |       |       +--no:  [0,0,0,0,0,0,0,17,0,0,0,0,0,0,60,0,0,0,0] : 77
|       |       +--no:  [0,0,0,0,0,0,15,110,0,0,0,0,28,4,13,0,0,0,0] : 170
|       +--no:  fruit-pods in {norm,diseased}
|               +--yes: fruit-spots = dna
|               |       +--yes: [30,0,0,0,0,0,0,0,0,0,0,0,0,0,0,0,0,0,0] : 30
|               |       +--no:  stem-cankers = absent
|               |               +--yes: canker-lesion = dna
|               |               |       +--yes: leafspots-marg = w-s-marg
|               |               |       |       +--yes: [0,0,0,0,0,0,0,0,30,4,0,0,0,0,0,0,0,0,0] : 34
|               |               |       |       +--no:  leafspot-size = lt-1/8
|               |               |       |               +--yes: [0,0,0,0,0,0,0,0,0,26,0,0,0,0,0,0,0,0,0] : 26
|               |               |       |               +--no:  [0,0,0,0,0,30,0,0,0,0,0,0,0,0,0,15,0,0,0] : 45
|               |               |       +--no:  [0,0,0,0,0,0,0,0,0,0,30,0,0,0,0,0,0,0,0] : 30
|               |               +--no:  [0,0,0,0,0,0,0,0,0,0,0,64,0,0,0,0,0,0,0] : 64
|               +--no:  canker-lesion = brown
|                       +--yes: [0,0,30,0,0,0,0,0,0,0,0,0,0,0,0,0,0,0,0] : 30
|                       +--no:  [0,0,0,128,0,0,0,0,0,0,0,0,0,0,0,0,0,0,0] : 128
+--no:  sclerotia = absent
        +--yes: [0,0,0,0,64,0,0,0,0,0,0,0,0,0,0,0,0,0,0] : 64
        +--no:  [0,30,0,0,0,0,0,0,0,0,0,0,0,0,0,0,14,16,8] : 68

Model: 4 value: -0.44333333333333336 error: 0.19333333333333333 parent: 511
int-discolor = none
+--yes: leafspot-size = gt-1/8
|       +--yes: date in {august,september,october}
|       |       +--yes: stem-cankers = absent
|       |       |       +--yes: [0,0,0,0,0,0,15,5,0,0,0,0,2,94,18,0,0,0,0] : 134
|       |       |       +--no:  [0,0,0,0,0,0,0,17,0,0,0,0,0,0,60,0,0,0,0] : 77
|       |       +--no:  [0,0,0,0,0,0,15,110,0,0,0,0,28,4,13,0,0,0,0] : 170
|       +--no:  fruit-pods in {norm,diseased}
|               +--yes: fruit-spots = dna
|               |       +--yes: [30,0,0,0,0,0,0,0,0,0,0,0,0,0,0,0,0,0,0] : 30
|               |       +--no:  stem-cankers = absent
|               |               +--yes: canker-lesion = dna
|               |               |       +--yes: leafspots-marg = w-s-marg
|               |               |       |       +--yes: [0,0,0,0,0,0,0,0,30,4,0,0,0,0,0,0,0,0,0] : 34
|               |               |       |       +--no:  leafspots-marg = no-w-s-marg
|               |               |       |               +--yes: [0,0,0,0,0,0,0,0,0,26,0,0,0,0,0,0,0,0,0] : 26
|               |               |       |               +--no:  [0,0,0,0,0,30,0,0,0,0,0,0,0,0,0,15,0,0,0] : 45
|               |               |       +--no:  [0,0,0,0,0,0,0,0,0,0,30,0,0,0,0,0,0,0,0] : 30
|               |               +--no:  [0,0,0,0,0,0,0,0,0,0,0,64,0,0,0,0,0,0,0] : 64
|               +--no:  canker-lesion = brown
|                       +--yes: [0,0,30,0,0,0,0,0,0,0,0,0,0,0,0,0,0,0,0] : 30
|                       +--no:  [0,0,0,128,0,0,0,0,0,0,0,0,0,0,0,0,0,0,0] : 128
+--no:  sclerotia = absent
        +--yes: [0,0,0,0,64,0,0,0,0,0,0,0,0,0,0,0,0,0,0] : 64
        +--no:  [0,30,0,0,0,0,0,0,0,0,0,0,0,0,0,0,14,16,8] : 68

Step:12
*********************************************
Model: 0 value: -0.44333333333333336 error: 0.17333333333333334 parent: 815
int-discolor = none
+--yes: leafspot-size = gt-1/8
|       +--yes: date in {august,september,october}
|       |       +--yes: stem = norm
|       |       |       +--yes: [0,0,0,0,0,0,15,0,0,0,0,0,2,94,19,0,0,0,0] : 130
|       |       |       +--no:  fruit-pods = norm
|       |       |               +--yes: [0,0,0,0,0,0,0,21,0,0,0,0,0,0,2,0,0,0,0] : 23
|       |       |               +--no:  [0,0,0,0,0,0,0,1,0,0,0,0,0,0,57,0,0,0,0] : 58
|       |       +--no:  [0,0,0,0,0,0,15,110,0,0,0,0,28,4,13,0,0,0,0] : 170
|       +--no:  fruit-pods in {norm,diseased}
|               +--yes: stem-cankers = absent
|               |       +--yes: canker-lesion = dna
|               |       |       +--yes: leaf-mild = absent
|               |       |       |       +--yes: leafspots-marg = w-s-marg
|               |       |       |       |       +--yes: [0,0,0,0,0,0,0,0,30,4,0,0,0,0,0,0,0,0,0] : 34
|               |       |       |       |       +--no:  [0,0,0,0,0,0,0,0,0,26,0,0,0,0,0,0,0,0,0] : 26
|               |       |       |       +--no:  [0,0,0,0,0,30,0,0,0,0,0,0,0,0,0,15,0,0,0] : 45
|               |       |       +--no:  [0,0,0,0,0,0,0,0,0,0,30,0,0,0,0,0,0,0,0] : 30
|               |       +--no:  fruit-spots = dna
|               |               +--yes: [30,0,0,0,0,0,0,0,0,0,0,0,0,0,0,0,0,0,0] : 30
|               |               +--no:  [0,0,0,0,0,0,0,0,0,0,0,64,0,0,0,0,0,0,0] : 64
|               +--no:  canker-lesion = brown
|                       +--yes: [0,0,30,0,0,0,0,0,0,0,0,0,0,0,0,0,0,0,0] : 30
|                       +--no:  [0,0,0,128,0,0,0,0,0,0,0,0,0,0,0,0,0,0,0] : 128
+--no:  sclerotia = absent
        +--yes: [0,0,0,0,64,0,0,0,0,0,0,0,0,0,0,0,0,0,0] : 64
        +--no:  [0,30,0,0,0,0,0,0,0,0,0,0,0,0,0,0,14,16,8] : 68

Model: 1 value: -0.44333333333333336 error: 0.17333333333333334 parent: 814
int-discolor = none
+--yes: leafspot-size = gt-1/8
|       +--yes: date in {august,september,october}
|       |       +--yes: stem = norm
|       |       |       +--yes: [0,0,0,0,0,0,15,0,0,0,0,0,2,94,19,0,0,0,0] : 130
|       |       |       +--no:  fruiting-bodies = absent
|       |       |               +--yes: [0,0,0,0,0,0,0,0,0,0,0,0,0,0,56,0,0,0,0] : 56
|       |       |               +--no:  [0,0,0,0,0,0,0,22,0,0,0,0,0,0,3,0,0,0,0] : 25
|       |       +--no:  [0,0,0,0,0,0,15,110,0,0,0,0,28,4,13,0,0,0,0] : 170
|       +--no:  fruit-pods in {norm,diseased}
|               +--yes: stem-cankers = absent
|               |       +--yes: canker-lesion = dna
|               |       |       +--yes: leaf-mild = absent
|               |       |       |       +--yes: leafspots-marg = w-s-marg
|               |       |       |       |       +--yes: [0,0,0,0,0,0,0,0,30,4,0,0,0,0,0,0,0,0,0] : 34
|               |       |       |       |       +--no:  [0,0,0,0,0,0,0,0,0,26,0,0,0,0,0,0,0,0,0] : 26
|               |       |       |       +--no:  [0,0,0,0,0,30,0,0,0,0,0,0,0,0,0,15,0,0,0] : 45
|               |       |       +--no:  [0,0,0,0,0,0,0,0,0,0,30,0,0,0,0,0,0,0,0] : 30
|               |       +--no:  fruit-spots = dna
|               |               +--yes: [30,0,0,0,0,0,0,0,0,0,0,0,0,0,0,0,0,0,0] : 30
|               |               +--no:  [0,0,0,0,0,0,0,0,0,0,0,64,0,0,0,0,0,0,0] : 64
|               +--no:  canker-lesion = brown
|                       +--yes: [0,0,30,0,0,0,0,0,0,0,0,0,0,0,0,0,0,0,0] : 30
|                       +--no:  [0,0,0,128,0,0,0,0,0,0,0,0,0,0,0,0,0,0,0] : 128
+--no:  sclerotia = absent
        +--yes: [0,0,0,0,64,0,0,0,0,0,0,0,0,0,0,0,0,0,0] : 64
        +--no:  [0,30,0,0,0,0,0,0,0,0,0,0,0,0,0,0,14,16,8] : 68

Model: 2 value: -0.44333333333333336 error: 0.17333333333333334 parent: 813
int-discolor = none
+--yes: leafspot-size = gt-1/8
|       +--yes: date in {august,september,october}
|       |       +--yes: stem = norm
|       |       |       +--yes: [0,0,0,0,0,0,15,0,0,0,0,0,2,94,19,0,0,0,0] : 130
|       |       |       +--no:  fruit-pods = norm
|       |       |               +--yes: [0,0,0,0,0,0,0,21,0,0,0,0,0,0,2,0,0,0,0] : 23
|       |       |               +--no:  [0,0,0,0,0,0,0,1,0,0,0,0,0,0,57,0,0,0,0] : 58
|       |       +--no:  [0,0,0,0,0,0,15,110,0,0,0,0,28,4,13,0,0,0,0] : 170
|       +--no:  fruit-pods in {norm,diseased}
|               +--yes: stem-cankers = absent
|               |       +--yes: canker-lesion = dna
|               |       |       +--yes: leaf-mild = absent
|               |       |       |       +--yes: leafspots-marg = w-s-marg
|               |       |       |       |       +--yes: [0,0,0,0,0,0,0,0,30,4,0,0,0,0,0,0,0,0,0] : 34
|               |       |       |       |       +--no:  [0,0,0,0,0,0,0,0,0,26,0,0,0,0,0,0,0,0,0] : 26
|               |       |       |       +--no:  [0,0,0,0,0,30,0,0,0,0,0,0,0,0,0,15,0,0,0] : 45
|               |       |       +--no:  [0,0,0,0,0,0,0,0,0,0,30,0,0,0,0,0,0,0,0] : 30
|               |       +--no:  fruit-spots = dna
|               |               +--yes: [30,0,0,0,0,0,0,0,0,0,0,0,0,0,0,0,0,0,0] : 30
|               |               +--no:  [0,0,0,0,0,0,0,0,0,0,0,64,0,0,0,0,0,0,0] : 64
|               +--no:  canker-lesion = brown
|                       +--yes: [0,0,30,0,0,0,0,0,0,0,0,0,0,0,0,0,0,0,0] : 30
|                       +--no:  [0,0,0,128,0,0,0,0,0,0,0,0,0,0,0,0,0,0,0] : 128
+--no:  int-discolor = brown
        +--yes: [0,0,0,0,64,0,0,0,0,0,0,0,0,0,0,0,0,0,0] : 64
        +--no:  [0,30,0,0,0,0,0,0,0,0,0,0,0,0,0,0,14,16,8] : 68

Model: 3 value: -0.44333333333333336 error: 0.17333333333333334 parent: 812
int-discolor = none
+--yes: leafspot-size = gt-1/8
|       +--yes: date in {august,september,october}
|       |       +--yes: stem = norm
|       |       |       +--yes: [0,0,0,0,0,0,15,0,0,0,0,0,2,94,19,0,0,0,0] : 130
|       |       |       +--no:  fruiting-bodies = absent
|       |       |               +--yes: [0,0,0,0,0,0,0,0,0,0,0,0,0,0,56,0,0,0,0] : 56
|       |       |               +--no:  [0,0,0,0,0,0,0,22,0,0,0,0,0,0,3,0,0,0,0] : 25
|       |       +--no:  [0,0,0,0,0,0,15,110,0,0,0,0,28,4,13,0,0,0,0] : 170
|       +--no:  fruit-pods in {norm,diseased}
|               +--yes: stem-cankers = absent
|               |       +--yes: canker-lesion = dna
|               |       |       +--yes: leaf-mild = absent
|               |       |       |       +--yes: leafspots-marg = w-s-marg
|               |       |       |       |       +--yes: [0,0,0,0,0,0,0,0,30,4,0,0,0,0,0,0,0,0,0] : 34
|               |       |       |       |       +--no:  [0,0,0,0,0,0,0,0,0,26,0,0,0,0,0,0,0,0,0] : 26
|               |       |       |       +--no:  [0,0,0,0,0,30,0,0,0,0,0,0,0,0,0,15,0,0,0] : 45
|               |       |       +--no:  [0,0,0,0,0,0,0,0,0,0,30,0,0,0,0,0,0,0,0] : 30
|               |       +--no:  fruit-spots = dna
|               |               +--yes: [30,0,0,0,0,0,0,0,0,0,0,0,0,0,0,0,0,0,0] : 30
|               |               +--no:  [0,0,0,0,0,0,0,0,0,0,0,64,0,0,0,0,0,0,0] : 64
|               +--no:  canker-lesion = brown
|                       +--yes: [0,0,30,0,0,0,0,0,0,0,0,0,0,0,0,0,0,0,0] : 30
|                       +--no:  [0,0,0,128,0,0,0,0,0,0,0,0,0,0,0,0,0,0,0] : 128
+--no:  int-discolor = brown
        +--yes: [0,0,0,0,64,0,0,0,0,0,0,0,0,0,0,0,0,0,0] : 64
        +--no:  [0,30,0,0,0,0,0,0,0,0,0,0,0,0,0,0,14,16,8] : 68

Model: 4 value: -0.44333333333333336 error: 0.17333333333333334 parent: 811
int-discolor = none
+--yes: leafspot-size = gt-1/8
|       +--yes: date in {august,september,october}
|       |       +--yes: stem = norm
|       |       |       +--yes: [0,0,0,0,0,0,15,0,0,0,0,0,2,94,19,0,0,0,0] : 130
|       |       |       +--no:  fruit-pods = norm
|       |       |               +--yes: [0,0,0,0,0,0,0,21,0,0,0,0,0,0,2,0,0,0,0] : 23
|       |       |               +--no:  [0,0,0,0,0,0,0,1,0,0,0,0,0,0,57,0,0,0,0] : 58
|       |       +--no:  [0,0,0,0,0,0,15,110,0,0,0,0,28,4,13,0,0,0,0] : 170
|       +--no:  fruit-pods in {norm,diseased}
|               +--yes: stem-cankers = absent
|               |       +--yes: canker-lesion = dna
|               |       |       +--yes: leafspot-size = lt-1/8
|               |       |       |       +--yes: leafspots-marg = w-s-marg
|               |       |       |       |       +--yes: [0,0,0,0,0,0,0,0,30,4,0,0,0,0,0,0,0,0,0] : 34
|               |       |       |       |       +--no:  [0,0,0,0,0,0,0,0,0,26,0,0,0,0,0,0,0,0,0] : 26
|               |       |       |       +--no:  [0,0,0,0,0,30,0,0,0,0,0,0,0,0,0,15,0,0,0] : 45
|               |       |       +--no:  [0,0,0,0,0,0,0,0,0,0,30,0,0,0,0,0,0,0,0] : 30
|               |       +--no:  fruit-spots = dna
|               |               +--yes: [30,0,0,0,0,0,0,0,0,0,0,0,0,0,0,0,0,0,0] : 30
|               |               +--no:  [0,0,0,0,0,0,0,0,0,0,0,64,0,0,0,0,0,0,0] : 64
|               +--no:  canker-lesion = brown
|                       +--yes: [0,0,30,0,0,0,0,0,0,0,0,0,0,0,0,0,0,0,0] : 30
|                       +--no:  [0,0,0,128,0,0,0,0,0,0,0,0,0,0,0,0,0,0,0] : 128
+--no:  sclerotia = absent
        +--yes: [0,0,0,0,64,0,0,0,0,0,0,0,0,0,0,0,0,0,0] : 64
        +--no:  [0,30,0,0,0,0,0,0,0,0,0,0,0,0,0,0,14,16,8] : 68

Step:13
*********************************************
Model: 0 value: -0.44333333333333336 error: 0.17333333333333334 parent: -1
int-discolor = none
+--yes: leafspot-size = gt-1/8
|       +--yes: date in {august,september,october}
|       |       +--yes: stem = norm
|       |       |       +--yes: [0,0,0,0,0,0,15,0,0,0,0,0,2,94,19,0,0,0,0] : 130
|       |       |       +--no:  fruit-pods = norm
|       |       |               +--yes: [0,0,0,0,0,0,0,21,0,0,0,0,0,0,2,0,0,0,0] : 23
|       |       |               +--no:  [0,0,0,0,0,0,0,1,0,0,0,0,0,0,57,0,0,0,0] : 58
|       |       +--no:  [0,0,0,0,0,0,15,110,0,0,0,0,28,4,13,0,0,0,0] : 170
|       +--no:  fruit-pods in {norm,diseased}
|               +--yes: stem-cankers = absent
|               |       +--yes: canker-lesion = dna
|               |       |       +--yes: leaf-mild = absent
|               |       |       |       +--yes: leafspots-marg = w-s-marg
|               |       |       |       |       +--yes: [0,0,0,0,0,0,0,0,30,4,0,0,0,0,0,0,0,0,0] : 34
|               |       |       |       |       +--no:  [0,0,0,0,0,0,0,0,0,26,0,0,0,0,0,0,0,0,0] : 26
|               |       |       |       +--no:  [0,0,0,0,0,30,0,0,0,0,0,0,0,0,0,15,0,0,0] : 45
|               |       |       +--no:  [0,0,0,0,0,0,0,0,0,0,30,0,0,0,0,0,0,0,0] : 30
|               |       +--no:  fruit-spots = dna
|               |               +--yes: [30,0,0,0,0,0,0,0,0,0,0,0,0,0,0,0,0,0,0] : 30
|               |               +--no:  [0,0,0,0,0,0,0,0,0,0,0,64,0,0,0,0,0,0,0] : 64
|               +--no:  canker-lesion = brown
|                       +--yes: [0,0,30,0,0,0,0,0,0,0,0,0,0,0,0,0,0,0,0] : 30
|                       +--no:  [0,0,0,128,0,0,0,0,0,0,0,0,0,0,0,0,0,0,0] : 128
+--no:  sclerotia = absent
        +--yes: [0,0,0,0,64,0,0,0,0,0,0,0,0,0,0,0,0,0,0] : 64
        +--no:  [0,30,0,0,0,0,0,0,0,0,0,0,0,0,0,0,14,16,8] : 68

Model: 1 value: -0.44333333333333336 error: 0.17333333333333334 parent: -1
int-discolor = none
+--yes: leafspot-size = gt-1/8
|       +--yes: date in {august,september,october}
|       |       +--yes: stem = norm
|       |       |       +--yes: [0,0,0,0,0,0,15,0,0,0,0,0,2,94,19,0,0,0,0] : 130
|       |       |       +--no:  fruiting-bodies = absent
|       |       |               +--yes: [0,0,0,0,0,0,0,0,0,0,0,0,0,0,56,0,0,0,0] : 56
|       |       |               +--no:  [0,0,0,0,0,0,0,22,0,0,0,0,0,0,3,0,0,0,0] : 25
|       |       +--no:  [0,0,0,0,0,0,15,110,0,0,0,0,28,4,13,0,0,0,0] : 170
|       +--no:  fruit-pods in {norm,diseased}
|               +--yes: stem-cankers = absent
|               |       +--yes: canker-lesion = dna
|               |       |       +--yes: leaf-mild = absent
|               |       |       |       +--yes: leafspots-marg = w-s-marg
|               |       |       |       |       +--yes: [0,0,0,0,0,0,0,0,30,4,0,0,0,0,0,0,0,0,0] : 34
|               |       |       |       |       +--no:  [0,0,0,0,0,0,0,0,0,26,0,0,0,0,0,0,0,0,0] : 26
|               |       |       |       +--no:  [0,0,0,0,0,30,0,0,0,0,0,0,0,0,0,15,0,0,0] : 45
|               |       |       +--no:  [0,0,0,0,0,0,0,0,0,0,30,0,0,0,0,0,0,0,0] : 30
|               |       +--no:  fruit-spots = dna
|               |               +--yes: [30,0,0,0,0,0,0,0,0,0,0,0,0,0,0,0,0,0,0] : 30
|               |               +--no:  [0,0,0,0,0,0,0,0,0,0,0,64,0,0,0,0,0,0,0] : 64
|               +--no:  canker-lesion = brown
|                       +--yes: [0,0,30,0,0,0,0,0,0,0,0,0,0,0,0,0,0,0,0] : 30
|                       +--no:  [0,0,0,128,0,0,0,0,0,0,0,0,0,0,0,0,0,0,0] : 128
+--no:  sclerotia = absent
        +--yes: [0,0,0,0,64,0,0,0,0,0,0,0,0,0,0,0,0,0,0] : 64
        +--no:  [0,30,0,0,0,0,0,0,0,0,0,0,0,0,0,0,14,16,8] : 68

Model: 2 value: -0.44333333333333336 error: 0.17333333333333334 parent: -1
int-discolor = none
+--yes: leafspot-size = gt-1/8
|       +--yes: date in {august,september,october}
|       |       +--yes: stem = norm
|       |       |       +--yes: [0,0,0,0,0,0,15,0,0,0,0,0,2,94,19,0,0,0,0] : 130
|       |       |       +--no:  fruit-pods = norm
|       |       |               +--yes: [0,0,0,0,0,0,0,21,0,0,0,0,0,0,2,0,0,0,0] : 23
|       |       |               +--no:  [0,0,0,0,0,0,0,1,0,0,0,0,0,0,57,0,0,0,0] : 58
|       |       +--no:  [0,0,0,0,0,0,15,110,0,0,0,0,28,4,13,0,0,0,0] : 170
|       +--no:  fruit-pods in {norm,diseased}
|               +--yes: stem-cankers = absent
|               |       +--yes: canker-lesion = dna
|               |       |       +--yes: leaf-mild = absent
|               |       |       |       +--yes: leafspots-marg = w-s-marg
|               |       |       |       |       +--yes: [0,0,0,0,0,0,0,0,30,4,0,0,0,0,0,0,0,0,0] : 34
|               |       |       |       |       +--no:  [0,0,0,0,0,0,0,0,0,26,0,0,0,0,0,0,0,0,0] : 26
|               |       |       |       +--no:  [0,0,0,0,0,30,0,0,0,0,0,0,0,0,0,15,0,0,0] : 45
|               |       |       +--no:  [0,0,0,0,0,0,0,0,0,0,30,0,0,0,0,0,0,0,0] : 30
|               |       +--no:  fruit-spots = dna
|               |               +--yes: [30,0,0,0,0,0,0,0,0,0,0,0,0,0,0,0,0,0,0] : 30
|               |               +--no:  [0,0,0,0,0,0,0,0,0,0,0,64,0,0,0,0,0,0,0] : 64
|               +--no:  canker-lesion = brown
|                       +--yes: [0,0,30,0,0,0,0,0,0,0,0,0,0,0,0,0,0,0,0] : 30
|                       +--no:  [0,0,0,128,0,0,0,0,0,0,0,0,0,0,0,0,0,0,0] : 128
+--no:  int-discolor = brown
        +--yes: [0,0,0,0,64,0,0,0,0,0,0,0,0,0,0,0,0,0,0] : 64
        +--no:  [0,30,0,0,0,0,0,0,0,0,0,0,0,0,0,0,14,16,8] : 68

Model: 3 value: -0.44333333333333336 error: 0.17333333333333334 parent: -1
int-discolor = none
+--yes: leafspot-size = gt-1/8
|       +--yes: date in {august,september,october}
|       |       +--yes: stem = norm
|       |       |       +--yes: [0,0,0,0,0,0,15,0,0,0,0,0,2,94,19,0,0,0,0] : 130
|       |       |       +--no:  fruiting-bodies = absent
|       |       |               +--yes: [0,0,0,0,0,0,0,0,0,0,0,0,0,0,56,0,0,0,0] : 56
|       |       |               +--no:  [0,0,0,0,0,0,0,22,0,0,0,0,0,0,3,0,0,0,0] : 25
|       |       +--no:  [0,0,0,0,0,0,15,110,0,0,0,0,28,4,13,0,0,0,0] : 170
|       +--no:  fruit-pods in {norm,diseased}
|               +--yes: stem-cankers = absent
|               |       +--yes: canker-lesion = dna
|               |       |       +--yes: leaf-mild = absent
|               |       |       |       +--yes: leafspots-marg = w-s-marg
|               |       |       |       |       +--yes: [0,0,0,0,0,0,0,0,30,4,0,0,0,0,0,0,0,0,0] : 34
|               |       |       |       |       +--no:  [0,0,0,0,0,0,0,0,0,26,0,0,0,0,0,0,0,0,0] : 26
|               |       |       |       +--no:  [0,0,0,0,0,30,0,0,0,0,0,0,0,0,0,15,0,0,0] : 45
|               |       |       +--no:  [0,0,0,0,0,0,0,0,0,0,30,0,0,0,0,0,0,0,0] : 30
|               |       +--no:  fruit-spots = dna
|               |               +--yes: [30,0,0,0,0,0,0,0,0,0,0,0,0,0,0,0,0,0,0] : 30
|               |               +--no:  [0,0,0,0,0,0,0,0,0,0,0,64,0,0,0,0,0,0,0] : 64
|               +--no:  canker-lesion = brown
|                       +--yes: [0,0,30,0,0,0,0,0,0,0,0,0,0,0,0,0,0,0,0] : 30
|                       +--no:  [0,0,0,128,0,0,0,0,0,0,0,0,0,0,0,0,0,0,0] : 128
+--no:  int-discolor = brown
        +--yes: [0,0,0,0,64,0,0,0,0,0,0,0,0,0,0,0,0,0,0] : 64
        +--no:  [0,30,0,0,0,0,0,0,0,0,0,0,0,0,0,0,14,16,8] : 68

Model: 4 value: -0.44333333333333336 error: 0.17333333333333334 parent: -1
int-discolor = none
+--yes: leafspot-size = gt-1/8
|       +--yes: date in {august,september,october}
|       |       +--yes: stem = norm
|       |       |       +--yes: [0,0,0,0,0,0,15,0,0,0,0,0,2,94,19,0,0,0,0] : 130
|       |       |       +--no:  fruit-pods = norm
|       |       |               +--yes: [0,0,0,0,0,0,0,21,0,0,0,0,0,0,2,0,0,0,0] : 23
|       |       |               +--no:  [0,0,0,0,0,0,0,1,0,0,0,0,0,0,57,0,0,0,0] : 58
|       |       +--no:  [0,0,0,0,0,0,15,110,0,0,0,0,28,4,13,0,0,0,0] : 170
|       +--no:  fruit-pods in {norm,diseased}
|               +--yes: stem-cankers = absent
|               |       +--yes: canker-lesion = dna
|               |       |       +--yes: leafspot-size = lt-1/8
|               |       |       |       +--yes: leafspots-marg = w-s-marg
|               |       |       |       |       +--yes: [0,0,0,0,0,0,0,0,30,4,0,0,0,0,0,0,0,0,0] : 34
|               |       |       |       |       +--no:  [0,0,0,0,0,0,0,0,0,26,0,0,0,0,0,0,0,0,0] : 26
|               |       |       |       +--no:  [0,0,0,0,0,30,0,0,0,0,0,0,0,0,0,15,0,0,0] : 45
|               |       |       +--no:  [0,0,0,0,0,0,0,0,0,0,30,0,0,0,0,0,0,0,0] : 30
|               |       +--no:  fruit-spots = dna
|               |               +--yes: [30,0,0,0,0,0,0,0,0,0,0,0,0,0,0,0,0,0,0] : 30
|               |               +--no:  [0,0,0,0,0,0,0,0,0,0,0,64,0,0,0,0,0,0,0] : 64
|               +--no:  canker-lesion = brown
|                       +--yes: [0,0,30,0,0,0,0,0,0,0,0,0,0,0,0,0,0,0,0] : 30
|                       +--no:  [0,0,0,128,0,0,0,0,0,0,0,0,0,0,0,0,0,0,0] : 128
+--no:  sclerotia = absent
        +--yes: [0,0,0,0,64,0,0,0,0,0,0,0,0,0,0,0,0,0,0] : 64
        +--no:  [0,30,0,0,0,0,0,0,0,0,0,0,0,0,0,0,14,16,8] : 68

